>> Writing PID to /Users/makevoid/Sites/share39/tmp/thin.pid
>> Thin web server (v1.2.7 codename No Hup)
>> Maximum connections set to 1024
>> Listening on 127.0.0.1:4567, CTRL+C to stop
>> Writing PID to /Users/makevoid/Sites/share39/lib/tmp/thin.pid
>> Thin web server (v1.2.7 codename No Hup)
>> Maximum connections set to 1024
>> Listening on 0.0.0.0:3939, CTRL+C to stop
>> Stopping ...
>> Exiting!
>> Writing PID to /Users/makevoid/Sites/share39/lib/tmp/thin.pid
>> Thin web server (v1.2.7 codename No Hup)
>> Maximum connections set to 1024
>> Listening on 0.0.0.0:3939, CTRL+C to stop
>> Writing PID to /Users/makevoid/Sites/share39/lib/tmp/thin.pid
>> Thin web server (v1.2.7 codename No Hup)
>> Maximum connections set to 1024
>> Listening on 0.0.0.0:3939, CTRL+C to stop
>> Writing PID to /Users/makevoid/Sites/share39/lib/tmp/thin.pid
>> Thin web server (v1.2.7 codename No Hup)
>> Maximum connections set to 1024
>> Listening on 0.0.0.0:3939, CTRL+C to stop
>> Writing PID to /Users/makevoid/Sites/share39/lib/tmp/thin.pid
>> Thin web server (v1.2.7 codename No Hup)
>> Maximum connections set to 1024
>> Listening on 0.0.0.0:3939, CTRL+C to stop
>> Writing PID to /Users/makevoid/Sites/share39/lib/tmp/thin.pid
>> Thin web server (v1.2.7 codename No Hup)
>> Maximum connections set to 1024
>> Listening on 0.0.0.0:3939, CTRL+C to stop
>> Writing PID to /Users/makevoid/Sites/share39/lib/tmp/thin.pid
>> Thin web server (v1.2.7 codename No Hup)
>> Maximum connections set to 1024
>> Listening on 0.0.0.0:3939, CTRL+C to stop
>> Stopping ...
>> Exiting!
>> Writing PID to /Users/makevoid/Sites/share39/lib/tmp/thin.pid
>> Thin web server (v1.2.7 codename No Hup)
>> Maximum connections set to 1024
>> Listening on 0.0.0.0:3939, CTRL+C to stop
>> Stopping ...
>> Exiting!
>> Writing PID to /Users/makevoid/Sites/share39/lib/tmp/thin.pid
>> Thin web server (v1.2.7 codename No Hup)
>> Maximum connections set to 1024
>> Listening on 0.0.0.0:3939, CTRL+C to stop
>> Writing PID to /Users/makevoid/Sites/share39/lib/tmp/thin.pid
>> Thin web server (v1.2.7 codename No Hup)
>> Maximum connections set to 1024
>> Listening on 0.0.0.0:3939, CTRL+C to stop
>> Writing PID to /Users/makevoid/Sites/share39/lib/tmp/thin.pid
>> Thin web server (v1.2.7 codename No Hup)
>> Maximum connections set to 1024
>> Listening on 0.0.0.0:3939, CTRL+C to stop
>> Stopping ...
>> Exiting!
>> Writing PID to /Users/makevoid/Sites/share39/lib/tmp/thin.pid
>> Thin web server (v1.2.7 codename No Hup)
>> Maximum connections set to 1024
>> Listening on 0.0.0.0:3939, CTRL+C to stop
>> Writing PID to /Users/makevoid/Sites/share39/lib/tmp/thin.pid
>> Thin web server (v1.2.7 codename No Hup)
>> Maximum connections set to 1024
>> Listening on 0.0.0.0:3939, CTRL+C to stop
>> Stopping ...
>> Exiting!
>> Writing PID to /Users/makevoid/Sites/share39/lib/tmp/thin.pid
>> Thin web server (v1.2.7 codename No Hup)
>> Maximum connections set to 1024
>> Listening on 0.0.0.0:3939, CTRL+C to stop
>> Writing PID to /Users/makevoid/Sites/share39/lib/tmp/thin.pid
>> Thin web server (v1.2.7 codename No Hup)
>> Maximum connections set to 1024
>> Listening on 0.0.0.0:3939, CTRL+C to stop
>> Writing PID to /Users/makevoid/Sites/share39/lib/tmp/thin.pid
>> Thin web server (v1.2.7 codename No Hup)
>> Maximum connections set to 1024
>> Listening on 0.0.0.0:3939, CTRL+C to stop
>> Writing PID to /Users/makevoid/Sites/share39/lib/tmp/thin.pid
>> Thin web server (v1.2.7 codename No Hup)
>> Maximum connections set to 1024
>> Listening on 0.0.0.0:3939, CTRL+C to stop
>> Writing PID to /Users/makevoid/Sites/share39/lib/tmp/thin.pid
>> Thin web server (v1.2.7 codename No Hup)
>> Maximum connections set to 1024
>> Listening on 0.0.0.0:3939, CTRL+C to stop
>> Writing PID to /Users/makevoid/Sites/share39/lib/tmp/thin.pid
>> Thin web server (v1.2.7 codename No Hup)
>> Maximum connections set to 1024
>> Listening on 0.0.0.0:3939, CTRL+C to stop
>> Writing PID to /Users/makevoid/Sites/share39/lib/tmp/thin.pid
>> Thin web server (v1.2.7 codename No Hup)
>> Maximum connections set to 1024
>> Listening on 0.0.0.0:3939, CTRL+C to stop
>> Stopping ...
>> Exiting!
>> Writing PID to /Users/makevoid/Sites/share39/lib/tmp/thin.pid
>> Thin web server (v1.2.7 codename No Hup)
>> Maximum connections set to 1024
>> Listening on 0.0.0.0:3939, CTRL+C to stop
>> Stopping ...
>> Exiting!
>> Writing PID to /Users/makevoid/Sites/share39/lib/tmp/thin.pid
>> Thin web server (v1.2.7 codename No Hup)
>> Maximum connections set to 1024
>> Listening on 0.0.0.0:3939, CTRL+C to stop
>> Stopping ...
>> Exiting!
>> Writing PID to /Users/makevoid/Sites/share39/lib/tmp/thin.pid
>> Thin web server (v1.2.7 codename No Hup)
>> Maximum connections set to 1024
>> Listening on 0.0.0.0:3939, CTRL+C to stop
>> Writing PID to /Users/makevoid/Sites/share39/lib/tmp/thin.pid
>> Thin web server (v1.2.7 codename No Hup)
>> Maximum connections set to 1024
>> Listening on 0.0.0.0:3939, CTRL+C to stop
>> Writing PID to /Users/makevoid/Sites/share39/lib/tmp/thin.pid
>> Thin web server (v1.2.7 codename No Hup)
>> Maximum connections set to 1024
>> Listening on 0.0.0.0:3939, CTRL+C to stop
>> Stopping ...
>> Exiting!
>> Writing PID to /Users/makevoid/Sites/share39/lib/tmp/thin.pid
>> Thin web server (v1.2.7 codename No Hup)
>> Maximum connections set to 1024
>> Listening on 0.0.0.0:3939, CTRL+C to stop
>> Stopping ...
>> Exiting!
>> Writing PID to /Users/makevoid/Sites/share39/lib/tmp/thin.pid
>> Thin web server (v1.2.7 codename No Hup)
>> Maximum connections set to 1024
>> Listening on 0.0.0.0:3939, CTRL+C to stop
>> Stopping ...
>> Exiting!
>> Writing PID to /Users/makevoid/Sites/share39/lib/tmp/thin.pid
>> Thin web server (v1.2.7 codename No Hup)
>> Maximum connections set to 1024
>> Listening on 0.0.0.0:3939, CTRL+C to stop
>> Stopping ...
>> Exiting!
>> Writing PID to /Users/makevoid/Sites/share39/lib/tmp/thin.pid
>> Thin web server (v1.2.7 codename No Hup)
>> Maximum connections set to 1024
>> Listening on 0.0.0.0:3939, CTRL+C to stop
>> Writing PID to /Users/makevoid/Sites/share39/lib/tmp/thin.pid
>> Thin web server (v1.2.7 codename No Hup)
>> Maximum connections set to 1024
>> Listening on 0.0.0.0:3939, CTRL+C to stop
>> Stopping ...
>> Exiting!
>> Writing PID to /Users/makevoid/Sites/share39/lib/tmp/thin.pid
>> Thin web server (v1.2.7 codename No Hup)
>> Maximum connections set to 1024
>> Listening on 0.0.0.0:3939, CTRL+C to stop
>> Writing PID to /Users/makevoid/Sites/share39/lib/tmp/thin.pid
>> Thin web server (v1.2.7 codename No Hup)
>> Maximum connections set to 1024
>> Listening on 0.0.0.0:3939, CTRL+C to stop
>> Stopping ...
>> Exiting!
>> Writing PID to /Users/makevoid/Sites/share39/lib/tmp/thin.pid
>> Thin web server (v1.2.7 codename No Hup)
>> Maximum connections set to 1024
>> Listening on 0.0.0.0:3939, CTRL+C to stop
>> Stopping ...
>> Exiting!
>> Writing PID to /Users/makevoid/Sites/share39/lib/tmp/thin.pid
>> Thin web server (v1.2.7 codename No Hup)
>> Maximum connections set to 1024
>> Listening on 0.0.0.0:3939, CTRL+C to stop
>> Writing PID to /Users/makevoid/Sites/share39/lib/tmp/thin.pid
>> Thin web server (v1.2.7 codename No Hup)
>> Maximum connections set to 1024
>> Listening on 0.0.0.0:3939, CTRL+C to stop
>> Stopping ...
>> Exiting!
>> Writing PID to /Users/makevoid/Sites/share39/lib/tmp/thin.pid
>> Thin web server (v1.2.7 codename No Hup)
>> Maximum connections set to 1024
>> Listening on 0.0.0.0:3939, CTRL+C to stop
>> Stopping ...
>> Exiting!
>> Writing PID to /Users/makevoid/Sites/share39/lib/tmp/thin.pid
>> Thin web server (v1.2.7 codename No Hup)
>> Maximum connections set to 1024
>> Listening on 0.0.0.0:3939, CTRL+C to stop
>> Stopping ...
>> Exiting!
>> Writing PID to /Users/makevoid/Sites/share39/lib/tmp/thin.pid
>> Thin web server (v1.2.7 codename No Hup)
>> Maximum connections set to 1024
>> Listening on 0.0.0.0:3939, CTRL+C to stop
>> Stopping ...
>> Exiting!
>> Writing PID to /Users/makevoid/Sites/share39/lib/tmp/thin.pid
>> Thin web server (v1.2.7 codename No Hup)
>> Maximum connections set to 1024
>> Listening on 0.0.0.0:3939, CTRL+C to stop
>> Stopping ...
>> Exiting!
>> Writing PID to /Users/makevoid/Sites/share39/lib/tmp/thin.pid
>> Thin web server (v1.2.7 codename No Hup)
>> Maximum connections set to 1024
>> Listening on 0.0.0.0:3939, CTRL+C to stop
>> Stopping ...
>> Exiting!
>> Writing PID to /Users/makevoid/Sites/share39/lib/tmp/thin.pid
>> Thin web server (v1.2.7 codename No Hup)
>> Maximum connections set to 1024
>> Listening on 0.0.0.0:3939, CTRL+C to stop
>> Writing PID to /Users/makevoid/Sites/share39/lib/tmp/thin.pid
>> Thin web server (v1.2.7 codename No Hup)
>> Maximum connections set to 1024
>> Listening on 0.0.0.0:3939, CTRL+C to stop
>> Stopping ...
>> Exiting!
>> Writing PID to /Users/makevoid/Sites/share39/lib/tmp/thin.pid
>> Thin web server (v1.2.7 codename No Hup)
>> Maximum connections set to 1024
>> Listening on 0.0.0.0:3939, CTRL+C to stop
>> Stopping ...
>> Exiting!
>> Writing PID to /Users/makevoid/Sites/share39/lib/tmp/thin.pid
>> Thin web server (v1.2.7 codename No Hup)
>> Maximum connections set to 1024
>> Listening on 0.0.0.0:3939, CTRL+C to stop
>> Stopping ...
>> Exiting!
>> Writing PID to /Users/makevoid/Sites/share39/lib/tmp/thin.pid
>> Thin web server (v1.2.7 codename No Hup)
>> Maximum connections set to 1024
>> Listening on 0.0.0.0:3939, CTRL+C to stop
>> Stopping ...
>> Exiting!
>> Writing PID to /Users/makevoid/Sites/share39/lib/tmp/thin.pid
>> Thin web server (v1.2.7 codename No Hup)
>> Maximum connections set to 1024
>> Listening on 0.0.0.0:3939, CTRL+C to stop
>> Stopping ...
>> Exiting!
>> Writing PID to /Users/makevoid/Sites/share39/lib/tmp/thin.pid
>> Thin web server (v1.2.7 codename No Hup)
>> Maximum connections set to 1024
>> Listening on 0.0.0.0:3939, CTRL+C to stop
>> Stopping ...
>> Exiting!
>> Writing PID to /Users/makevoid/Sites/share39/lib/tmp/thin.pid
>> Thin web server (v1.2.7 codename No Hup)
>> Maximum connections set to 1024
>> Listening on 0.0.0.0:3939, CTRL+C to stop
>> Stopping ...
>> Exiting!
>> Writing PID to /Users/makevoid/Sites/share39/lib/tmp/thin.pid
>> Thin web server (v1.2.7 codename No Hup)
>> Maximum connections set to 1024
>> Listening on 0.0.0.0:3939, CTRL+C to stop
>> Writing PID to /Users/makevoid/Sites/share39/lib/tmp/thin.pid
>> Thin web server (v1.2.7 codename No Hup)
>> Maximum connections set to 1024
>> Listening on 0.0.0.0:3939, CTRL+C to stop
>> Stopping ...
>> Exiting!
>> Writing PID to /Users/makevoid/Sites/share39/lib/tmp/thin.pid
>> Thin web server (v1.2.7 codename No Hup)
>> Maximum connections set to 1024
>> Listening on 0.0.0.0:3939, CTRL+C to stop
>> Writing PID to /Users/makevoid/Sites/share39/lib/tmp/thin.pid
>> Thin web server (v1.2.7 codename No Hup)
>> Maximum connections set to 1024
>> Listening on 0.0.0.0:3939, CTRL+C to stop
Errno::ENOENT - No such file or directory - /Users/makevoid/Sites/share39/lib/public/css/main.css:
 /Users/makevoid/Sites/share39/lib/share39_server.rb:88:in `mtime'
 /Users/makevoid/Sites/share39/lib/share39_server.rb:88:in `block in <class:Share39>'
 /Users/makevoid/.rvm/gems/ruby-1.9.2-rc2/gems/sinatra-1.1.2/lib/sinatra/base.rb:1058:in `call'
 /Users/makevoid/.rvm/gems/ruby-1.9.2-rc2/gems/sinatra-1.1.2/lib/sinatra/base.rb:1058:in `block in compile!'
 /Users/makevoid/.rvm/gems/ruby-1.9.2-rc2/gems/sinatra-1.1.2/lib/sinatra/base.rb:643:in `instance_eval'
 /Users/makevoid/.rvm/gems/ruby-1.9.2-rc2/gems/sinatra-1.1.2/lib/sinatra/base.rb:643:in `route_eval'
 /Users/makevoid/.rvm/gems/ruby-1.9.2-rc2/gems/sinatra-1.1.2/lib/sinatra/base.rb:627:in `block (2 levels) in route!'
 /Users/makevoid/.rvm/gems/ruby-1.9.2-rc2/gems/sinatra-1.1.2/lib/sinatra/base.rb:675:in `block in process_route'
 /Users/makevoid/.rvm/gems/ruby-1.9.2-rc2/gems/sinatra-1.1.2/lib/sinatra/base.rb:672:in `catch'
 /Users/makevoid/.rvm/gems/ruby-1.9.2-rc2/gems/sinatra-1.1.2/lib/sinatra/base.rb:672:in `process_route'
 /Users/makevoid/.rvm/gems/ruby-1.9.2-rc2/gems/sinatra-1.1.2/lib/sinatra/base.rb:626:in `block in route!'
 /Users/makevoid/.rvm/gems/ruby-1.9.2-rc2/gems/sinatra-1.1.2/lib/sinatra/base.rb:625:in `each'
 /Users/makevoid/.rvm/gems/ruby-1.9.2-rc2/gems/sinatra-1.1.2/lib/sinatra/base.rb:625:in `route!'
 /Users/makevoid/.rvm/gems/ruby-1.9.2-rc2/gems/sinatra-1.1.2/lib/sinatra/base.rb:760:in `dispatch!'
 /Users/makevoid/.rvm/gems/ruby-1.9.2-rc2/gems/sinatra-1.1.2/lib/sinatra/base.rb:553:in `block in call!'
 /Users/makevoid/.rvm/gems/ruby-1.9.2-rc2/gems/sinatra-1.1.2/lib/sinatra/base.rb:725:in `instance_eval'
 /Users/makevoid/.rvm/gems/ruby-1.9.2-rc2/gems/sinatra-1.1.2/lib/sinatra/base.rb:725:in `block in invoke'
 /Users/makevoid/.rvm/gems/ruby-1.9.2-rc2/gems/sinatra-1.1.2/lib/sinatra/base.rb:725:in `catch'
 /Users/makevoid/.rvm/gems/ruby-1.9.2-rc2/gems/sinatra-1.1.2/lib/sinatra/base.rb:725:in `invoke'
 /Users/makevoid/.rvm/gems/ruby-1.9.2-rc2/gems/sinatra-1.1.2/lib/sinatra/base.rb:553:in `call!'
 /Users/makevoid/.rvm/gems/ruby-1.9.2-rc2/gems/sinatra-1.1.2/lib/sinatra/base.rb:538:in `call'
 /Users/makevoid/.rvm/gems/ruby-1.9.2-rc2/gems/rack-1.2.1/lib/rack/methodoverride.rb:24:in `call'
 /Users/makevoid/.rvm/gems/ruby-1.9.2-rc2/gems/rack-1.2.1/lib/rack/static.rb:33:in `call'
 /Users/makevoid/.rvm/gems/ruby-1.9.2-rc2/gems/rack-flash-0.1.1/lib/rack/flash.rb:148:in `call'
 /Users/makevoid/.rvm/gems/ruby-1.9.2-rc2/gems/rack-1.2.1/lib/rack/session/cookie.rb:37:in `call'
 /Users/makevoid/.rvm/gems/ruby-1.9.2-rc2/gems/sinatra-1.1.2/lib/sinatra/base.rb:1167:in `block in call'
 /Users/makevoid/.rvm/gems/ruby-1.9.2-rc2/gems/sinatra-1.1.2/lib/sinatra/base.rb:1193:in `synchronize'
 /Users/makevoid/.rvm/gems/ruby-1.9.2-rc2/gems/sinatra-1.1.2/lib/sinatra/base.rb:1167:in `call'
 /Users/makevoid/.rvm/gems/ruby-1.9.2-rc2/gems/rack-1.2.1/lib/rack/static.rb:33:in `call'
 /Users/makevoid/.rvm/gems/ruby-1.9.2-rc2/gems/thin-1.2.7/lib/thin/connection.rb:76:in `block in pre_process'
 /Users/makevoid/.rvm/gems/ruby-1.9.2-rc2/gems/thin-1.2.7/lib/thin/connection.rb:74:in `catch'
 /Users/makevoid/.rvm/gems/ruby-1.9.2-rc2/gems/thin-1.2.7/lib/thin/connection.rb:74:in `pre_process'
 /Users/makevoid/.rvm/gems/ruby-1.9.2-rc2/gems/thin-1.2.7/lib/thin/connection.rb:57:in `process'
 /Users/makevoid/.rvm/gems/ruby-1.9.2-rc2/gems/thin-1.2.7/lib/thin/connection.rb:42:in `receive_data'
 /Users/makevoid/.rvm/gems/ruby-1.9.2-rc2/gems/eventmachine-0.12.10/lib/eventmachine.rb:256:in `run_machine'
 /Users/makevoid/.rvm/gems/ruby-1.9.2-rc2/gems/eventmachine-0.12.10/lib/eventmachine.rb:256:in `run'
 /Users/makevoid/.rvm/gems/ruby-1.9.2-rc2/gems/thin-1.2.7/lib/thin/backends/base.rb:57:in `start'
 /Users/makevoid/.rvm/gems/ruby-1.9.2-rc2/gems/thin-1.2.7/lib/thin/server.rb:156:in `start'
 /Users/makevoid/.rvm/gems/ruby-1.9.2-rc2/gems/thin-1.2.7/lib/thin/controllers/controller.rb:80:in `start'
 /Users/makevoid/.rvm/gems/ruby-1.9.2-rc2/gems/thin-1.2.7/lib/thin/runner.rb:177:in `run_command'
 /Users/makevoid/.rvm/gems/ruby-1.9.2-rc2/gems/thin-1.2.7/lib/thin/runner.rb:143:in `run!'
 /Users/makevoid/.rvm/gems/ruby-1.9.2-rc2/gems/thin-1.2.7/bin/thin:6:in `<top (required)>'
 /Users/makevoid/.rvm/gems/ruby-1.9.2-rc2/bin/thin:19:in `load'
 /Users/makevoid/.rvm/gems/ruby-1.9.2-rc2/bin/thin:19:in `<main>'
Errno::ENOENT - No such file or directory - /Users/makevoid/Sites/share39/lib/public/css/main.css:
 /Users/makevoid/Sites/share39/lib/share39_server.rb:88:in `mtime'
 /Users/makevoid/Sites/share39/lib/share39_server.rb:88:in `block in <class:Share39>'
 /Users/makevoid/.rvm/gems/ruby-1.9.2-rc2/gems/sinatra-1.1.2/lib/sinatra/base.rb:1058:in `call'
 /Users/makevoid/.rvm/gems/ruby-1.9.2-rc2/gems/sinatra-1.1.2/lib/sinatra/base.rb:1058:in `block in compile!'
 /Users/makevoid/.rvm/gems/ruby-1.9.2-rc2/gems/sinatra-1.1.2/lib/sinatra/base.rb:643:in `instance_eval'
 /Users/makevoid/.rvm/gems/ruby-1.9.2-rc2/gems/sinatra-1.1.2/lib/sinatra/base.rb:643:in `route_eval'
 /Users/makevoid/.rvm/gems/ruby-1.9.2-rc2/gems/sinatra-1.1.2/lib/sinatra/base.rb:627:in `block (2 levels) in route!'
 /Users/makevoid/.rvm/gems/ruby-1.9.2-rc2/gems/sinatra-1.1.2/lib/sinatra/base.rb:675:in `block in process_route'
 /Users/makevoid/.rvm/gems/ruby-1.9.2-rc2/gems/sinatra-1.1.2/lib/sinatra/base.rb:672:in `catch'
 /Users/makevoid/.rvm/gems/ruby-1.9.2-rc2/gems/sinatra-1.1.2/lib/sinatra/base.rb:672:in `process_route'
 /Users/makevoid/.rvm/gems/ruby-1.9.2-rc2/gems/sinatra-1.1.2/lib/sinatra/base.rb:626:in `block in route!'
 /Users/makevoid/.rvm/gems/ruby-1.9.2-rc2/gems/sinatra-1.1.2/lib/sinatra/base.rb:625:in `each'
 /Users/makevoid/.rvm/gems/ruby-1.9.2-rc2/gems/sinatra-1.1.2/lib/sinatra/base.rb:625:in `route!'
 /Users/makevoid/.rvm/gems/ruby-1.9.2-rc2/gems/sinatra-1.1.2/lib/sinatra/base.rb:760:in `dispatch!'
 /Users/makevoid/.rvm/gems/ruby-1.9.2-rc2/gems/sinatra-1.1.2/lib/sinatra/base.rb:553:in `block in call!'
 /Users/makevoid/.rvm/gems/ruby-1.9.2-rc2/gems/sinatra-1.1.2/lib/sinatra/base.rb:725:in `instance_eval'
 /Users/makevoid/.rvm/gems/ruby-1.9.2-rc2/gems/sinatra-1.1.2/lib/sinatra/base.rb:725:in `block in invoke'
 /Users/makevoid/.rvm/gems/ruby-1.9.2-rc2/gems/sinatra-1.1.2/lib/sinatra/base.rb:725:in `catch'
 /Users/makevoid/.rvm/gems/ruby-1.9.2-rc2/gems/sinatra-1.1.2/lib/sinatra/base.rb:725:in `invoke'
 /Users/makevoid/.rvm/gems/ruby-1.9.2-rc2/gems/sinatra-1.1.2/lib/sinatra/base.rb:553:in `call!'
 /Users/makevoid/.rvm/gems/ruby-1.9.2-rc2/gems/sinatra-1.1.2/lib/sinatra/base.rb:538:in `call'
 /Users/makevoid/.rvm/gems/ruby-1.9.2-rc2/gems/rack-1.2.1/lib/rack/methodoverride.rb:24:in `call'
 /Users/makevoid/.rvm/gems/ruby-1.9.2-rc2/gems/rack-1.2.1/lib/rack/static.rb:33:in `call'
 /Users/makevoid/.rvm/gems/ruby-1.9.2-rc2/gems/rack-flash-0.1.1/lib/rack/flash.rb:148:in `call'
 /Users/makevoid/.rvm/gems/ruby-1.9.2-rc2/gems/rack-1.2.1/lib/rack/session/cookie.rb:37:in `call'
 /Users/makevoid/.rvm/gems/ruby-1.9.2-rc2/gems/sinatra-1.1.2/lib/sinatra/base.rb:1167:in `block in call'
 /Users/makevoid/.rvm/gems/ruby-1.9.2-rc2/gems/sinatra-1.1.2/lib/sinatra/base.rb:1193:in `synchronize'
 /Users/makevoid/.rvm/gems/ruby-1.9.2-rc2/gems/sinatra-1.1.2/lib/sinatra/base.rb:1167:in `call'
 /Users/makevoid/.rvm/gems/ruby-1.9.2-rc2/gems/rack-1.2.1/lib/rack/static.rb:33:in `call'
 /Users/makevoid/.rvm/gems/ruby-1.9.2-rc2/gems/thin-1.2.7/lib/thin/connection.rb:76:in `block in pre_process'
 /Users/makevoid/.rvm/gems/ruby-1.9.2-rc2/gems/thin-1.2.7/lib/thin/connection.rb:74:in `catch'
 /Users/makevoid/.rvm/gems/ruby-1.9.2-rc2/gems/thin-1.2.7/lib/thin/connection.rb:74:in `pre_process'
 /Users/makevoid/.rvm/gems/ruby-1.9.2-rc2/gems/thin-1.2.7/lib/thin/connection.rb:57:in `process'
 /Users/makevoid/.rvm/gems/ruby-1.9.2-rc2/gems/thin-1.2.7/lib/thin/connection.rb:42:in `receive_data'
 /Users/makevoid/.rvm/gems/ruby-1.9.2-rc2/gems/eventmachine-0.12.10/lib/eventmachine.rb:256:in `run_machine'
 /Users/makevoid/.rvm/gems/ruby-1.9.2-rc2/gems/eventmachine-0.12.10/lib/eventmachine.rb:256:in `run'
 /Users/makevoid/.rvm/gems/ruby-1.9.2-rc2/gems/thin-1.2.7/lib/thin/backends/base.rb:57:in `start'
 /Users/makevoid/.rvm/gems/ruby-1.9.2-rc2/gems/thin-1.2.7/lib/thin/server.rb:156:in `start'
 /Users/makevoid/.rvm/gems/ruby-1.9.2-rc2/gems/thin-1.2.7/lib/thin/controllers/controller.rb:80:in `start'
 /Users/makevoid/.rvm/gems/ruby-1.9.2-rc2/gems/thin-1.2.7/lib/thin/runner.rb:177:in `run_command'
 /Users/makevoid/.rvm/gems/ruby-1.9.2-rc2/gems/thin-1.2.7/lib/thin/runner.rb:143:in `run!'
 /Users/makevoid/.rvm/gems/ruby-1.9.2-rc2/gems/thin-1.2.7/bin/thin:6:in `<top (required)>'
 /Users/makevoid/.rvm/gems/ruby-1.9.2-rc2/bin/thin:19:in `load'
 /Users/makevoid/.rvm/gems/ruby-1.9.2-rc2/bin/thin:19:in `<main>'
Errno::ENOENT - No such file or directory - /Users/makevoid/Sites/share39/lib/public/css/main.css:
 /Users/makevoid/Sites/share39/lib/share39_server.rb:88:in `mtime'
 /Users/makevoid/Sites/share39/lib/share39_server.rb:88:in `block in <class:Share39>'
 /Users/makevoid/.rvm/gems/ruby-1.9.2-rc2/gems/sinatra-1.1.2/lib/sinatra/base.rb:1058:in `call'
 /Users/makevoid/.rvm/gems/ruby-1.9.2-rc2/gems/sinatra-1.1.2/lib/sinatra/base.rb:1058:in `block in compile!'
 /Users/makevoid/.rvm/gems/ruby-1.9.2-rc2/gems/sinatra-1.1.2/lib/sinatra/base.rb:643:in `instance_eval'
 /Users/makevoid/.rvm/gems/ruby-1.9.2-rc2/gems/sinatra-1.1.2/lib/sinatra/base.rb:643:in `route_eval'
 /Users/makevoid/.rvm/gems/ruby-1.9.2-rc2/gems/sinatra-1.1.2/lib/sinatra/base.rb:627:in `block (2 levels) in route!'
 /Users/makevoid/.rvm/gems/ruby-1.9.2-rc2/gems/sinatra-1.1.2/lib/sinatra/base.rb:675:in `block in process_route'
 /Users/makevoid/.rvm/gems/ruby-1.9.2-rc2/gems/sinatra-1.1.2/lib/sinatra/base.rb:672:in `catch'
 /Users/makevoid/.rvm/gems/ruby-1.9.2-rc2/gems/sinatra-1.1.2/lib/sinatra/base.rb:672:in `process_route'
 /Users/makevoid/.rvm/gems/ruby-1.9.2-rc2/gems/sinatra-1.1.2/lib/sinatra/base.rb:626:in `block in route!'
 /Users/makevoid/.rvm/gems/ruby-1.9.2-rc2/gems/sinatra-1.1.2/lib/sinatra/base.rb:625:in `each'
 /Users/makevoid/.rvm/gems/ruby-1.9.2-rc2/gems/sinatra-1.1.2/lib/sinatra/base.rb:625:in `route!'
 /Users/makevoid/.rvm/gems/ruby-1.9.2-rc2/gems/sinatra-1.1.2/lib/sinatra/base.rb:760:in `dispatch!'
 /Users/makevoid/.rvm/gems/ruby-1.9.2-rc2/gems/sinatra-1.1.2/lib/sinatra/base.rb:553:in `block in call!'
 /Users/makevoid/.rvm/gems/ruby-1.9.2-rc2/gems/sinatra-1.1.2/lib/sinatra/base.rb:725:in `instance_eval'
 /Users/makevoid/.rvm/gems/ruby-1.9.2-rc2/gems/sinatra-1.1.2/lib/sinatra/base.rb:725:in `block in invoke'
 /Users/makevoid/.rvm/gems/ruby-1.9.2-rc2/gems/sinatra-1.1.2/lib/sinatra/base.rb:725:in `catch'
 /Users/makevoid/.rvm/gems/ruby-1.9.2-rc2/gems/sinatra-1.1.2/lib/sinatra/base.rb:725:in `invoke'
 /Users/makevoid/.rvm/gems/ruby-1.9.2-rc2/gems/sinatra-1.1.2/lib/sinatra/base.rb:553:in `call!'
 /Users/makevoid/.rvm/gems/ruby-1.9.2-rc2/gems/sinatra-1.1.2/lib/sinatra/base.rb:538:in `call'
 /Users/makevoid/.rvm/gems/ruby-1.9.2-rc2/gems/rack-1.2.1/lib/rack/methodoverride.rb:24:in `call'
 /Users/makevoid/.rvm/gems/ruby-1.9.2-rc2/gems/rack-1.2.1/lib/rack/static.rb:33:in `call'
 /Users/makevoid/.rvm/gems/ruby-1.9.2-rc2/gems/rack-flash-0.1.1/lib/rack/flash.rb:148:in `call'
 /Users/makevoid/.rvm/gems/ruby-1.9.2-rc2/gems/rack-1.2.1/lib/rack/session/cookie.rb:37:in `call'
 /Users/makevoid/.rvm/gems/ruby-1.9.2-rc2/gems/sinatra-1.1.2/lib/sinatra/base.rb:1167:in `block in call'
 /Users/makevoid/.rvm/gems/ruby-1.9.2-rc2/gems/sinatra-1.1.2/lib/sinatra/base.rb:1193:in `synchronize'
 /Users/makevoid/.rvm/gems/ruby-1.9.2-rc2/gems/sinatra-1.1.2/lib/sinatra/base.rb:1167:in `call'
 /Users/makevoid/.rvm/gems/ruby-1.9.2-rc2/gems/rack-1.2.1/lib/rack/static.rb:33:in `call'
 /Users/makevoid/.rvm/gems/ruby-1.9.2-rc2/gems/thin-1.2.7/lib/thin/connection.rb:76:in `block in pre_process'
 /Users/makevoid/.rvm/gems/ruby-1.9.2-rc2/gems/thin-1.2.7/lib/thin/connection.rb:74:in `catch'
 /Users/makevoid/.rvm/gems/ruby-1.9.2-rc2/gems/thin-1.2.7/lib/thin/connection.rb:74:in `pre_process'
 /Users/makevoid/.rvm/gems/ruby-1.9.2-rc2/gems/thin-1.2.7/lib/thin/connection.rb:57:in `process'
 /Users/makevoid/.rvm/gems/ruby-1.9.2-rc2/gems/thin-1.2.7/lib/thin/connection.rb:42:in `receive_data'
 /Users/makevoid/.rvm/gems/ruby-1.9.2-rc2/gems/eventmachine-0.12.10/lib/eventmachine.rb:256:in `run_machine'
 /Users/makevoid/.rvm/gems/ruby-1.9.2-rc2/gems/eventmachine-0.12.10/lib/eventmachine.rb:256:in `run'
 /Users/makevoid/.rvm/gems/ruby-1.9.2-rc2/gems/thin-1.2.7/lib/thin/backends/base.rb:57:in `start'
 /Users/makevoid/.rvm/gems/ruby-1.9.2-rc2/gems/thin-1.2.7/lib/thin/server.rb:156:in `start'
 /Users/makevoid/.rvm/gems/ruby-1.9.2-rc2/gems/thin-1.2.7/lib/thin/controllers/controller.rb:80:in `start'
 /Users/makevoid/.rvm/gems/ruby-1.9.2-rc2/gems/thin-1.2.7/lib/thin/runner.rb:177:in `run_command'
 /Users/makevoid/.rvm/gems/ruby-1.9.2-rc2/gems/thin-1.2.7/lib/thin/runner.rb:143:in `run!'
 /Users/makevoid/.rvm/gems/ruby-1.9.2-rc2/gems/thin-1.2.7/bin/thin:6:in `<top (required)>'
 /Users/makevoid/.rvm/gems/ruby-1.9.2-rc2/bin/thin:19:in `load'
 /Users/makevoid/.rvm/gems/ruby-1.9.2-rc2/bin/thin:19:in `<main>'
Errno::ENOENT - No such file or directory - /Users/makevoid/Sites/share39/lib/public/css/main.css:
 /Users/makevoid/Sites/share39/lib/share39_server.rb:88:in `mtime'
 /Users/makevoid/Sites/share39/lib/share39_server.rb:88:in `block in <class:Share39>'
 /Users/makevoid/.rvm/gems/ruby-1.9.2-rc2/gems/sinatra-1.1.2/lib/sinatra/base.rb:1058:in `call'
 /Users/makevoid/.rvm/gems/ruby-1.9.2-rc2/gems/sinatra-1.1.2/lib/sinatra/base.rb:1058:in `block in compile!'
 /Users/makevoid/.rvm/gems/ruby-1.9.2-rc2/gems/sinatra-1.1.2/lib/sinatra/base.rb:643:in `instance_eval'
 /Users/makevoid/.rvm/gems/ruby-1.9.2-rc2/gems/sinatra-1.1.2/lib/sinatra/base.rb:643:in `route_eval'
 /Users/makevoid/.rvm/gems/ruby-1.9.2-rc2/gems/sinatra-1.1.2/lib/sinatra/base.rb:627:in `block (2 levels) in route!'
 /Users/makevoid/.rvm/gems/ruby-1.9.2-rc2/gems/sinatra-1.1.2/lib/sinatra/base.rb:675:in `block in process_route'
 /Users/makevoid/.rvm/gems/ruby-1.9.2-rc2/gems/sinatra-1.1.2/lib/sinatra/base.rb:672:in `catch'
 /Users/makevoid/.rvm/gems/ruby-1.9.2-rc2/gems/sinatra-1.1.2/lib/sinatra/base.rb:672:in `process_route'
 /Users/makevoid/.rvm/gems/ruby-1.9.2-rc2/gems/sinatra-1.1.2/lib/sinatra/base.rb:626:in `block in route!'
 /Users/makevoid/.rvm/gems/ruby-1.9.2-rc2/gems/sinatra-1.1.2/lib/sinatra/base.rb:625:in `each'
 /Users/makevoid/.rvm/gems/ruby-1.9.2-rc2/gems/sinatra-1.1.2/lib/sinatra/base.rb:625:in `route!'
 /Users/makevoid/.rvm/gems/ruby-1.9.2-rc2/gems/sinatra-1.1.2/lib/sinatra/base.rb:760:in `dispatch!'
 /Users/makevoid/.rvm/gems/ruby-1.9.2-rc2/gems/sinatra-1.1.2/lib/sinatra/base.rb:553:in `block in call!'
 /Users/makevoid/.rvm/gems/ruby-1.9.2-rc2/gems/sinatra-1.1.2/lib/sinatra/base.rb:725:in `instance_eval'
 /Users/makevoid/.rvm/gems/ruby-1.9.2-rc2/gems/sinatra-1.1.2/lib/sinatra/base.rb:725:in `block in invoke'
 /Users/makevoid/.rvm/gems/ruby-1.9.2-rc2/gems/sinatra-1.1.2/lib/sinatra/base.rb:725:in `catch'
 /Users/makevoid/.rvm/gems/ruby-1.9.2-rc2/gems/sinatra-1.1.2/lib/sinatra/base.rb:725:in `invoke'
 /Users/makevoid/.rvm/gems/ruby-1.9.2-rc2/gems/sinatra-1.1.2/lib/sinatra/base.rb:553:in `call!'
 /Users/makevoid/.rvm/gems/ruby-1.9.2-rc2/gems/sinatra-1.1.2/lib/sinatra/base.rb:538:in `call'
 /Users/makevoid/.rvm/gems/ruby-1.9.2-rc2/gems/rack-1.2.1/lib/rack/methodoverride.rb:24:in `call'
 /Users/makevoid/.rvm/gems/ruby-1.9.2-rc2/gems/rack-1.2.1/lib/rack/static.rb:33:in `call'
 /Users/makevoid/.rvm/gems/ruby-1.9.2-rc2/gems/rack-flash-0.1.1/lib/rack/flash.rb:148:in `call'
 /Users/makevoid/.rvm/gems/ruby-1.9.2-rc2/gems/rack-1.2.1/lib/rack/session/cookie.rb:37:in `call'
 /Users/makevoid/.rvm/gems/ruby-1.9.2-rc2/gems/sinatra-1.1.2/lib/sinatra/base.rb:1167:in `block in call'
 /Users/makevoid/.rvm/gems/ruby-1.9.2-rc2/gems/sinatra-1.1.2/lib/sinatra/base.rb:1193:in `synchronize'
 /Users/makevoid/.rvm/gems/ruby-1.9.2-rc2/gems/sinatra-1.1.2/lib/sinatra/base.rb:1167:in `call'
 /Users/makevoid/.rvm/gems/ruby-1.9.2-rc2/gems/rack-1.2.1/lib/rack/static.rb:33:in `call'
 /Users/makevoid/.rvm/gems/ruby-1.9.2-rc2/gems/thin-1.2.7/lib/thin/connection.rb:76:in `block in pre_process'
 /Users/makevoid/.rvm/gems/ruby-1.9.2-rc2/gems/thin-1.2.7/lib/thin/connection.rb:74:in `catch'
 /Users/makevoid/.rvm/gems/ruby-1.9.2-rc2/gems/thin-1.2.7/lib/thin/connection.rb:74:in `pre_process'
 /Users/makevoid/.rvm/gems/ruby-1.9.2-rc2/gems/thin-1.2.7/lib/thin/connection.rb:57:in `process'
 /Users/makevoid/.rvm/gems/ruby-1.9.2-rc2/gems/thin-1.2.7/lib/thin/connection.rb:42:in `receive_data'
 /Users/makevoid/.rvm/gems/ruby-1.9.2-rc2/gems/eventmachine-0.12.10/lib/eventmachine.rb:256:in `run_machine'
 /Users/makevoid/.rvm/gems/ruby-1.9.2-rc2/gems/eventmachine-0.12.10/lib/eventmachine.rb:256:in `run'
 /Users/makevoid/.rvm/gems/ruby-1.9.2-rc2/gems/thin-1.2.7/lib/thin/backends/base.rb:57:in `start'
 /Users/makevoid/.rvm/gems/ruby-1.9.2-rc2/gems/thin-1.2.7/lib/thin/server.rb:156:in `start'
 /Users/makevoid/.rvm/gems/ruby-1.9.2-rc2/gems/thin-1.2.7/lib/thin/controllers/controller.rb:80:in `start'
 /Users/makevoid/.rvm/gems/ruby-1.9.2-rc2/gems/thin-1.2.7/lib/thin/runner.rb:177:in `run_command'
 /Users/makevoid/.rvm/gems/ruby-1.9.2-rc2/gems/thin-1.2.7/lib/thin/runner.rb:143:in `run!'
 /Users/makevoid/.rvm/gems/ruby-1.9.2-rc2/gems/thin-1.2.7/bin/thin:6:in `<top (required)>'
 /Users/makevoid/.rvm/gems/ruby-1.9.2-rc2/bin/thin:19:in `load'
 /Users/makevoid/.rvm/gems/ruby-1.9.2-rc2/bin/thin:19:in `<main>'
Errno::ENOENT - No such file or directory - /Users/makevoid/Sites/share39/lib/public/css/main.css:
 /Users/makevoid/Sites/share39/lib/share39_server.rb:88:in `mtime'
 /Users/makevoid/Sites/share39/lib/share39_server.rb:88:in `block in <class:Share39>'
 /Users/makevoid/.rvm/gems/ruby-1.9.2-rc2/gems/sinatra-1.1.2/lib/sinatra/base.rb:1058:in `call'
 /Users/makevoid/.rvm/gems/ruby-1.9.2-rc2/gems/sinatra-1.1.2/lib/sinatra/base.rb:1058:in `block in compile!'
 /Users/makevoid/.rvm/gems/ruby-1.9.2-rc2/gems/sinatra-1.1.2/lib/sinatra/base.rb:643:in `instance_eval'
 /Users/makevoid/.rvm/gems/ruby-1.9.2-rc2/gems/sinatra-1.1.2/lib/sinatra/base.rb:643:in `route_eval'
 /Users/makevoid/.rvm/gems/ruby-1.9.2-rc2/gems/sinatra-1.1.2/lib/sinatra/base.rb:627:in `block (2 levels) in route!'
 /Users/makevoid/.rvm/gems/ruby-1.9.2-rc2/gems/sinatra-1.1.2/lib/sinatra/base.rb:675:in `block in process_route'
 /Users/makevoid/.rvm/gems/ruby-1.9.2-rc2/gems/sinatra-1.1.2/lib/sinatra/base.rb:672:in `catch'
 /Users/makevoid/.rvm/gems/ruby-1.9.2-rc2/gems/sinatra-1.1.2/lib/sinatra/base.rb:672:in `process_route'
 /Users/makevoid/.rvm/gems/ruby-1.9.2-rc2/gems/sinatra-1.1.2/lib/sinatra/base.rb:626:in `block in route!'
 /Users/makevoid/.rvm/gems/ruby-1.9.2-rc2/gems/sinatra-1.1.2/lib/sinatra/base.rb:625:in `each'
 /Users/makevoid/.rvm/gems/ruby-1.9.2-rc2/gems/sinatra-1.1.2/lib/sinatra/base.rb:625:in `route!'
 /Users/makevoid/.rvm/gems/ruby-1.9.2-rc2/gems/sinatra-1.1.2/lib/sinatra/base.rb:760:in `dispatch!'
 /Users/makevoid/.rvm/gems/ruby-1.9.2-rc2/gems/sinatra-1.1.2/lib/sinatra/base.rb:553:in `block in call!'
 /Users/makevoid/.rvm/gems/ruby-1.9.2-rc2/gems/sinatra-1.1.2/lib/sinatra/base.rb:725:in `instance_eval'
 /Users/makevoid/.rvm/gems/ruby-1.9.2-rc2/gems/sinatra-1.1.2/lib/sinatra/base.rb:725:in `block in invoke'
 /Users/makevoid/.rvm/gems/ruby-1.9.2-rc2/gems/sinatra-1.1.2/lib/sinatra/base.rb:725:in `catch'
 /Users/makevoid/.rvm/gems/ruby-1.9.2-rc2/gems/sinatra-1.1.2/lib/sinatra/base.rb:725:in `invoke'
 /Users/makevoid/.rvm/gems/ruby-1.9.2-rc2/gems/sinatra-1.1.2/lib/sinatra/base.rb:553:in `call!'
 /Users/makevoid/.rvm/gems/ruby-1.9.2-rc2/gems/sinatra-1.1.2/lib/sinatra/base.rb:538:in `call'
 /Users/makevoid/.rvm/gems/ruby-1.9.2-rc2/gems/rack-1.2.1/lib/rack/methodoverride.rb:24:in `call'
 /Users/makevoid/.rvm/gems/ruby-1.9.2-rc2/gems/rack-1.2.1/lib/rack/static.rb:33:in `call'
 /Users/makevoid/.rvm/gems/ruby-1.9.2-rc2/gems/rack-flash-0.1.1/lib/rack/flash.rb:148:in `call'
 /Users/makevoid/.rvm/gems/ruby-1.9.2-rc2/gems/rack-1.2.1/lib/rack/session/cookie.rb:37:in `call'
 /Users/makevoid/.rvm/gems/ruby-1.9.2-rc2/gems/sinatra-1.1.2/lib/sinatra/base.rb:1167:in `block in call'
 /Users/makevoid/.rvm/gems/ruby-1.9.2-rc2/gems/sinatra-1.1.2/lib/sinatra/base.rb:1193:in `synchronize'
 /Users/makevoid/.rvm/gems/ruby-1.9.2-rc2/gems/sinatra-1.1.2/lib/sinatra/base.rb:1167:in `call'
 /Users/makevoid/.rvm/gems/ruby-1.9.2-rc2/gems/rack-1.2.1/lib/rack/static.rb:33:in `call'
 /Users/makevoid/.rvm/gems/ruby-1.9.2-rc2/gems/thin-1.2.7/lib/thin/connection.rb:76:in `block in pre_process'
 /Users/makevoid/.rvm/gems/ruby-1.9.2-rc2/gems/thin-1.2.7/lib/thin/connection.rb:74:in `catch'
 /Users/makevoid/.rvm/gems/ruby-1.9.2-rc2/gems/thin-1.2.7/lib/thin/connection.rb:74:in `pre_process'
 /Users/makevoid/.rvm/gems/ruby-1.9.2-rc2/gems/thin-1.2.7/lib/thin/connection.rb:57:in `process'
 /Users/makevoid/.rvm/gems/ruby-1.9.2-rc2/gems/thin-1.2.7/lib/thin/connection.rb:42:in `receive_data'
 /Users/makevoid/.rvm/gems/ruby-1.9.2-rc2/gems/eventmachine-0.12.10/lib/eventmachine.rb:256:in `run_machine'
 /Users/makevoid/.rvm/gems/ruby-1.9.2-rc2/gems/eventmachine-0.12.10/lib/eventmachine.rb:256:in `run'
 /Users/makevoid/.rvm/gems/ruby-1.9.2-rc2/gems/thin-1.2.7/lib/thin/backends/base.rb:57:in `start'
 /Users/makevoid/.rvm/gems/ruby-1.9.2-rc2/gems/thin-1.2.7/lib/thin/server.rb:156:in `start'
 /Users/makevoid/.rvm/gems/ruby-1.9.2-rc2/gems/thin-1.2.7/lib/thin/controllers/controller.rb:80:in `start'
 /Users/makevoid/.rvm/gems/ruby-1.9.2-rc2/gems/thin-1.2.7/lib/thin/runner.rb:177:in `run_command'
 /Users/makevoid/.rvm/gems/ruby-1.9.2-rc2/gems/thin-1.2.7/lib/thin/runner.rb:143:in `run!'
 /Users/makevoid/.rvm/gems/ruby-1.9.2-rc2/gems/thin-1.2.7/bin/thin:6:in `<top (required)>'
 /Users/makevoid/.rvm/gems/ruby-1.9.2-rc2/bin/thin:19:in `load'
 /Users/makevoid/.rvm/gems/ruby-1.9.2-rc2/bin/thin:19:in `<main>'
Errno::ENOENT - No such file or directory - /Users/makevoid/Sites/share39/lib/public/css/main.css:
 /Users/makevoid/Sites/share39/lib/share39_server.rb:88:in `mtime'
 /Users/makevoid/Sites/share39/lib/share39_server.rb:88:in `block in <class:Share39>'
 /Users/makevoid/.rvm/gems/ruby-1.9.2-rc2/gems/sinatra-1.1.2/lib/sinatra/base.rb:1058:in `call'
 /Users/makevoid/.rvm/gems/ruby-1.9.2-rc2/gems/sinatra-1.1.2/lib/sinatra/base.rb:1058:in `block in compile!'
 /Users/makevoid/.rvm/gems/ruby-1.9.2-rc2/gems/sinatra-1.1.2/lib/sinatra/base.rb:643:in `instance_eval'
 /Users/makevoid/.rvm/gems/ruby-1.9.2-rc2/gems/sinatra-1.1.2/lib/sinatra/base.rb:643:in `route_eval'
 /Users/makevoid/.rvm/gems/ruby-1.9.2-rc2/gems/sinatra-1.1.2/lib/sinatra/base.rb:627:in `block (2 levels) in route!'
 /Users/makevoid/.rvm/gems/ruby-1.9.2-rc2/gems/sinatra-1.1.2/lib/sinatra/base.rb:675:in `block in process_route'
 /Users/makevoid/.rvm/gems/ruby-1.9.2-rc2/gems/sinatra-1.1.2/lib/sinatra/base.rb:672:in `catch'
 /Users/makevoid/.rvm/gems/ruby-1.9.2-rc2/gems/sinatra-1.1.2/lib/sinatra/base.rb:672:in `process_route'
 /Users/makevoid/.rvm/gems/ruby-1.9.2-rc2/gems/sinatra-1.1.2/lib/sinatra/base.rb:626:in `block in route!'
 /Users/makevoid/.rvm/gems/ruby-1.9.2-rc2/gems/sinatra-1.1.2/lib/sinatra/base.rb:625:in `each'
 /Users/makevoid/.rvm/gems/ruby-1.9.2-rc2/gems/sinatra-1.1.2/lib/sinatra/base.rb:625:in `route!'
 /Users/makevoid/.rvm/gems/ruby-1.9.2-rc2/gems/sinatra-1.1.2/lib/sinatra/base.rb:760:in `dispatch!'
 /Users/makevoid/.rvm/gems/ruby-1.9.2-rc2/gems/sinatra-1.1.2/lib/sinatra/base.rb:553:in `block in call!'
 /Users/makevoid/.rvm/gems/ruby-1.9.2-rc2/gems/sinatra-1.1.2/lib/sinatra/base.rb:725:in `instance_eval'
 /Users/makevoid/.rvm/gems/ruby-1.9.2-rc2/gems/sinatra-1.1.2/lib/sinatra/base.rb:725:in `block in invoke'
 /Users/makevoid/.rvm/gems/ruby-1.9.2-rc2/gems/sinatra-1.1.2/lib/sinatra/base.rb:725:in `catch'
 /Users/makevoid/.rvm/gems/ruby-1.9.2-rc2/gems/sinatra-1.1.2/lib/sinatra/base.rb:725:in `invoke'
 /Users/makevoid/.rvm/gems/ruby-1.9.2-rc2/gems/sinatra-1.1.2/lib/sinatra/base.rb:553:in `call!'
 /Users/makevoid/.rvm/gems/ruby-1.9.2-rc2/gems/sinatra-1.1.2/lib/sinatra/base.rb:538:in `call'
 /Users/makevoid/.rvm/gems/ruby-1.9.2-rc2/gems/rack-1.2.1/lib/rack/methodoverride.rb:24:in `call'
 /Users/makevoid/.rvm/gems/ruby-1.9.2-rc2/gems/rack-1.2.1/lib/rack/static.rb:33:in `call'
 /Users/makevoid/.rvm/gems/ruby-1.9.2-rc2/gems/rack-flash-0.1.1/lib/rack/flash.rb:148:in `call'
 /Users/makevoid/.rvm/gems/ruby-1.9.2-rc2/gems/rack-1.2.1/lib/rack/session/cookie.rb:37:in `call'
 /Users/makevoid/.rvm/gems/ruby-1.9.2-rc2/gems/sinatra-1.1.2/lib/sinatra/base.rb:1167:in `block in call'
 /Users/makevoid/.rvm/gems/ruby-1.9.2-rc2/gems/sinatra-1.1.2/lib/sinatra/base.rb:1193:in `synchronize'
 /Users/makevoid/.rvm/gems/ruby-1.9.2-rc2/gems/sinatra-1.1.2/lib/sinatra/base.rb:1167:in `call'
 /Users/makevoid/.rvm/gems/ruby-1.9.2-rc2/gems/rack-1.2.1/lib/rack/static.rb:33:in `call'
 /Users/makevoid/.rvm/gems/ruby-1.9.2-rc2/gems/thin-1.2.7/lib/thin/connection.rb:76:in `block in pre_process'
 /Users/makevoid/.rvm/gems/ruby-1.9.2-rc2/gems/thin-1.2.7/lib/thin/connection.rb:74:in `catch'
 /Users/makevoid/.rvm/gems/ruby-1.9.2-rc2/gems/thin-1.2.7/lib/thin/connection.rb:74:in `pre_process'
 /Users/makevoid/.rvm/gems/ruby-1.9.2-rc2/gems/thin-1.2.7/lib/thin/connection.rb:57:in `process'
 /Users/makevoid/.rvm/gems/ruby-1.9.2-rc2/gems/thin-1.2.7/lib/thin/connection.rb:42:in `receive_data'
 /Users/makevoid/.rvm/gems/ruby-1.9.2-rc2/gems/eventmachine-0.12.10/lib/eventmachine.rb:256:in `run_machine'
 /Users/makevoid/.rvm/gems/ruby-1.9.2-rc2/gems/eventmachine-0.12.10/lib/eventmachine.rb:256:in `run'
 /Users/makevoid/.rvm/gems/ruby-1.9.2-rc2/gems/thin-1.2.7/lib/thin/backends/base.rb:57:in `start'
 /Users/makevoid/.rvm/gems/ruby-1.9.2-rc2/gems/thin-1.2.7/lib/thin/server.rb:156:in `start'
 /Users/makevoid/.rvm/gems/ruby-1.9.2-rc2/gems/thin-1.2.7/lib/thin/controllers/controller.rb:80:in `start'
 /Users/makevoid/.rvm/gems/ruby-1.9.2-rc2/gems/thin-1.2.7/lib/thin/runner.rb:177:in `run_command'
 /Users/makevoid/.rvm/gems/ruby-1.9.2-rc2/gems/thin-1.2.7/lib/thin/runner.rb:143:in `run!'
 /Users/makevoid/.rvm/gems/ruby-1.9.2-rc2/gems/thin-1.2.7/bin/thin:6:in `<top (required)>'
 /Users/makevoid/.rvm/gems/ruby-1.9.2-rc2/bin/thin:19:in `load'
 /Users/makevoid/.rvm/gems/ruby-1.9.2-rc2/bin/thin:19:in `<main>'
Errno::ENOENT - No such file or directory - /Users/makevoid/Sites/share39/lib/public/css/main.css:
 /Users/makevoid/Sites/share39/lib/share39_server.rb:88:in `mtime'
 /Users/makevoid/Sites/share39/lib/share39_server.rb:88:in `block in <class:Share39>'
 /Users/makevoid/.rvm/gems/ruby-1.9.2-rc2/gems/sinatra-1.1.2/lib/sinatra/base.rb:1058:in `call'
 /Users/makevoid/.rvm/gems/ruby-1.9.2-rc2/gems/sinatra-1.1.2/lib/sinatra/base.rb:1058:in `block in compile!'
 /Users/makevoid/.rvm/gems/ruby-1.9.2-rc2/gems/sinatra-1.1.2/lib/sinatra/base.rb:643:in `instance_eval'
 /Users/makevoid/.rvm/gems/ruby-1.9.2-rc2/gems/sinatra-1.1.2/lib/sinatra/base.rb:643:in `route_eval'
 /Users/makevoid/.rvm/gems/ruby-1.9.2-rc2/gems/sinatra-1.1.2/lib/sinatra/base.rb:627:in `block (2 levels) in route!'
 /Users/makevoid/.rvm/gems/ruby-1.9.2-rc2/gems/sinatra-1.1.2/lib/sinatra/base.rb:675:in `block in process_route'
 /Users/makevoid/.rvm/gems/ruby-1.9.2-rc2/gems/sinatra-1.1.2/lib/sinatra/base.rb:672:in `catch'
 /Users/makevoid/.rvm/gems/ruby-1.9.2-rc2/gems/sinatra-1.1.2/lib/sinatra/base.rb:672:in `process_route'
 /Users/makevoid/.rvm/gems/ruby-1.9.2-rc2/gems/sinatra-1.1.2/lib/sinatra/base.rb:626:in `block in route!'
 /Users/makevoid/.rvm/gems/ruby-1.9.2-rc2/gems/sinatra-1.1.2/lib/sinatra/base.rb:625:in `each'
 /Users/makevoid/.rvm/gems/ruby-1.9.2-rc2/gems/sinatra-1.1.2/lib/sinatra/base.rb:625:in `route!'
 /Users/makevoid/.rvm/gems/ruby-1.9.2-rc2/gems/sinatra-1.1.2/lib/sinatra/base.rb:760:in `dispatch!'
 /Users/makevoid/.rvm/gems/ruby-1.9.2-rc2/gems/sinatra-1.1.2/lib/sinatra/base.rb:553:in `block in call!'
 /Users/makevoid/.rvm/gems/ruby-1.9.2-rc2/gems/sinatra-1.1.2/lib/sinatra/base.rb:725:in `instance_eval'
 /Users/makevoid/.rvm/gems/ruby-1.9.2-rc2/gems/sinatra-1.1.2/lib/sinatra/base.rb:725:in `block in invoke'
 /Users/makevoid/.rvm/gems/ruby-1.9.2-rc2/gems/sinatra-1.1.2/lib/sinatra/base.rb:725:in `catch'
 /Users/makevoid/.rvm/gems/ruby-1.9.2-rc2/gems/sinatra-1.1.2/lib/sinatra/base.rb:725:in `invoke'
 /Users/makevoid/.rvm/gems/ruby-1.9.2-rc2/gems/sinatra-1.1.2/lib/sinatra/base.rb:553:in `call!'
 /Users/makevoid/.rvm/gems/ruby-1.9.2-rc2/gems/sinatra-1.1.2/lib/sinatra/base.rb:538:in `call'
 /Users/makevoid/.rvm/gems/ruby-1.9.2-rc2/gems/rack-1.2.1/lib/rack/methodoverride.rb:24:in `call'
 /Users/makevoid/.rvm/gems/ruby-1.9.2-rc2/gems/rack-1.2.1/lib/rack/static.rb:33:in `call'
 /Users/makevoid/.rvm/gems/ruby-1.9.2-rc2/gems/rack-flash-0.1.1/lib/rack/flash.rb:148:in `call'
 /Users/makevoid/.rvm/gems/ruby-1.9.2-rc2/gems/rack-1.2.1/lib/rack/session/cookie.rb:37:in `call'
 /Users/makevoid/.rvm/gems/ruby-1.9.2-rc2/gems/sinatra-1.1.2/lib/sinatra/base.rb:1167:in `block in call'
 /Users/makevoid/.rvm/gems/ruby-1.9.2-rc2/gems/sinatra-1.1.2/lib/sinatra/base.rb:1193:in `synchronize'
 /Users/makevoid/.rvm/gems/ruby-1.9.2-rc2/gems/sinatra-1.1.2/lib/sinatra/base.rb:1167:in `call'
 /Users/makevoid/.rvm/gems/ruby-1.9.2-rc2/gems/rack-1.2.1/lib/rack/static.rb:33:in `call'
 /Users/makevoid/.rvm/gems/ruby-1.9.2-rc2/gems/thin-1.2.7/lib/thin/connection.rb:76:in `block in pre_process'
 /Users/makevoid/.rvm/gems/ruby-1.9.2-rc2/gems/thin-1.2.7/lib/thin/connection.rb:74:in `catch'
 /Users/makevoid/.rvm/gems/ruby-1.9.2-rc2/gems/thin-1.2.7/lib/thin/connection.rb:74:in `pre_process'
 /Users/makevoid/.rvm/gems/ruby-1.9.2-rc2/gems/thin-1.2.7/lib/thin/connection.rb:57:in `process'
 /Users/makevoid/.rvm/gems/ruby-1.9.2-rc2/gems/thin-1.2.7/lib/thin/connection.rb:42:in `receive_data'
 /Users/makevoid/.rvm/gems/ruby-1.9.2-rc2/gems/eventmachine-0.12.10/lib/eventmachine.rb:256:in `run_machine'
 /Users/makevoid/.rvm/gems/ruby-1.9.2-rc2/gems/eventmachine-0.12.10/lib/eventmachine.rb:256:in `run'
 /Users/makevoid/.rvm/gems/ruby-1.9.2-rc2/gems/thin-1.2.7/lib/thin/backends/base.rb:57:in `start'
 /Users/makevoid/.rvm/gems/ruby-1.9.2-rc2/gems/thin-1.2.7/lib/thin/server.rb:156:in `start'
 /Users/makevoid/.rvm/gems/ruby-1.9.2-rc2/gems/thin-1.2.7/lib/thin/controllers/controller.rb:80:in `start'
 /Users/makevoid/.rvm/gems/ruby-1.9.2-rc2/gems/thin-1.2.7/lib/thin/runner.rb:177:in `run_command'
 /Users/makevoid/.rvm/gems/ruby-1.9.2-rc2/gems/thin-1.2.7/lib/thin/runner.rb:143:in `run!'
 /Users/makevoid/.rvm/gems/ruby-1.9.2-rc2/gems/thin-1.2.7/bin/thin:6:in `<top (required)>'
 /Users/makevoid/.rvm/gems/ruby-1.9.2-rc2/bin/thin:19:in `load'
 /Users/makevoid/.rvm/gems/ruby-1.9.2-rc2/bin/thin:19:in `<main>'
Errno::ENOENT - No such file or directory - /Users/makevoid/Sites/share39/lib/public/css/main.css:
 /Users/makevoid/Sites/share39/lib/share39_server.rb:88:in `mtime'
 /Users/makevoid/Sites/share39/lib/share39_server.rb:88:in `block in <class:Share39>'
 /Users/makevoid/.rvm/gems/ruby-1.9.2-rc2/gems/sinatra-1.1.2/lib/sinatra/base.rb:1058:in `call'
 /Users/makevoid/.rvm/gems/ruby-1.9.2-rc2/gems/sinatra-1.1.2/lib/sinatra/base.rb:1058:in `block in compile!'
 /Users/makevoid/.rvm/gems/ruby-1.9.2-rc2/gems/sinatra-1.1.2/lib/sinatra/base.rb:643:in `instance_eval'
 /Users/makevoid/.rvm/gems/ruby-1.9.2-rc2/gems/sinatra-1.1.2/lib/sinatra/base.rb:643:in `route_eval'
 /Users/makevoid/.rvm/gems/ruby-1.9.2-rc2/gems/sinatra-1.1.2/lib/sinatra/base.rb:627:in `block (2 levels) in route!'
 /Users/makevoid/.rvm/gems/ruby-1.9.2-rc2/gems/sinatra-1.1.2/lib/sinatra/base.rb:675:in `block in process_route'
 /Users/makevoid/.rvm/gems/ruby-1.9.2-rc2/gems/sinatra-1.1.2/lib/sinatra/base.rb:672:in `catch'
 /Users/makevoid/.rvm/gems/ruby-1.9.2-rc2/gems/sinatra-1.1.2/lib/sinatra/base.rb:672:in `process_route'
 /Users/makevoid/.rvm/gems/ruby-1.9.2-rc2/gems/sinatra-1.1.2/lib/sinatra/base.rb:626:in `block in route!'
 /Users/makevoid/.rvm/gems/ruby-1.9.2-rc2/gems/sinatra-1.1.2/lib/sinatra/base.rb:625:in `each'
 /Users/makevoid/.rvm/gems/ruby-1.9.2-rc2/gems/sinatra-1.1.2/lib/sinatra/base.rb:625:in `route!'
 /Users/makevoid/.rvm/gems/ruby-1.9.2-rc2/gems/sinatra-1.1.2/lib/sinatra/base.rb:760:in `dispatch!'
 /Users/makevoid/.rvm/gems/ruby-1.9.2-rc2/gems/sinatra-1.1.2/lib/sinatra/base.rb:553:in `block in call!'
 /Users/makevoid/.rvm/gems/ruby-1.9.2-rc2/gems/sinatra-1.1.2/lib/sinatra/base.rb:725:in `instance_eval'
 /Users/makevoid/.rvm/gems/ruby-1.9.2-rc2/gems/sinatra-1.1.2/lib/sinatra/base.rb:725:in `block in invoke'
 /Users/makevoid/.rvm/gems/ruby-1.9.2-rc2/gems/sinatra-1.1.2/lib/sinatra/base.rb:725:in `catch'
 /Users/makevoid/.rvm/gems/ruby-1.9.2-rc2/gems/sinatra-1.1.2/lib/sinatra/base.rb:725:in `invoke'
 /Users/makevoid/.rvm/gems/ruby-1.9.2-rc2/gems/sinatra-1.1.2/lib/sinatra/base.rb:553:in `call!'
 /Users/makevoid/.rvm/gems/ruby-1.9.2-rc2/gems/sinatra-1.1.2/lib/sinatra/base.rb:538:in `call'
 /Users/makevoid/.rvm/gems/ruby-1.9.2-rc2/gems/rack-1.2.1/lib/rack/methodoverride.rb:24:in `call'
 /Users/makevoid/.rvm/gems/ruby-1.9.2-rc2/gems/rack-1.2.1/lib/rack/static.rb:33:in `call'
 /Users/makevoid/.rvm/gems/ruby-1.9.2-rc2/gems/rack-flash-0.1.1/lib/rack/flash.rb:148:in `call'
 /Users/makevoid/.rvm/gems/ruby-1.9.2-rc2/gems/rack-1.2.1/lib/rack/session/cookie.rb:37:in `call'
 /Users/makevoid/.rvm/gems/ruby-1.9.2-rc2/gems/sinatra-1.1.2/lib/sinatra/base.rb:1167:in `block in call'
 /Users/makevoid/.rvm/gems/ruby-1.9.2-rc2/gems/sinatra-1.1.2/lib/sinatra/base.rb:1193:in `synchronize'
 /Users/makevoid/.rvm/gems/ruby-1.9.2-rc2/gems/sinatra-1.1.2/lib/sinatra/base.rb:1167:in `call'
 /Users/makevoid/.rvm/gems/ruby-1.9.2-rc2/gems/rack-1.2.1/lib/rack/static.rb:33:in `call'
 /Users/makevoid/.rvm/gems/ruby-1.9.2-rc2/gems/thin-1.2.7/lib/thin/connection.rb:76:in `block in pre_process'
 /Users/makevoid/.rvm/gems/ruby-1.9.2-rc2/gems/thin-1.2.7/lib/thin/connection.rb:74:in `catch'
 /Users/makevoid/.rvm/gems/ruby-1.9.2-rc2/gems/thin-1.2.7/lib/thin/connection.rb:74:in `pre_process'
 /Users/makevoid/.rvm/gems/ruby-1.9.2-rc2/gems/thin-1.2.7/lib/thin/connection.rb:57:in `process'
 /Users/makevoid/.rvm/gems/ruby-1.9.2-rc2/gems/thin-1.2.7/lib/thin/connection.rb:42:in `receive_data'
 /Users/makevoid/.rvm/gems/ruby-1.9.2-rc2/gems/eventmachine-0.12.10/lib/eventmachine.rb:256:in `run_machine'
 /Users/makevoid/.rvm/gems/ruby-1.9.2-rc2/gems/eventmachine-0.12.10/lib/eventmachine.rb:256:in `run'
 /Users/makevoid/.rvm/gems/ruby-1.9.2-rc2/gems/thin-1.2.7/lib/thin/backends/base.rb:57:in `start'
 /Users/makevoid/.rvm/gems/ruby-1.9.2-rc2/gems/thin-1.2.7/lib/thin/server.rb:156:in `start'
 /Users/makevoid/.rvm/gems/ruby-1.9.2-rc2/gems/thin-1.2.7/lib/thin/controllers/controller.rb:80:in `start'
 /Users/makevoid/.rvm/gems/ruby-1.9.2-rc2/gems/thin-1.2.7/lib/thin/runner.rb:177:in `run_command'
 /Users/makevoid/.rvm/gems/ruby-1.9.2-rc2/gems/thin-1.2.7/lib/thin/runner.rb:143:in `run!'
 /Users/makevoid/.rvm/gems/ruby-1.9.2-rc2/gems/thin-1.2.7/bin/thin:6:in `<top (required)>'
 /Users/makevoid/.rvm/gems/ruby-1.9.2-rc2/bin/thin:19:in `load'
 /Users/makevoid/.rvm/gems/ruby-1.9.2-rc2/bin/thin:19:in `<main>'
Errno::ENOENT - No such file or directory - /Users/makevoid/Sites/share39/lib/public/css/main.css:
 /Users/makevoid/Sites/share39/lib/share39_server.rb:88:in `mtime'
 /Users/makevoid/Sites/share39/lib/share39_server.rb:88:in `block in <class:Share39>'
 /Users/makevoid/.rvm/gems/ruby-1.9.2-rc2/gems/sinatra-1.1.2/lib/sinatra/base.rb:1058:in `call'
 /Users/makevoid/.rvm/gems/ruby-1.9.2-rc2/gems/sinatra-1.1.2/lib/sinatra/base.rb:1058:in `block in compile!'
 /Users/makevoid/.rvm/gems/ruby-1.9.2-rc2/gems/sinatra-1.1.2/lib/sinatra/base.rb:643:in `instance_eval'
 /Users/makevoid/.rvm/gems/ruby-1.9.2-rc2/gems/sinatra-1.1.2/lib/sinatra/base.rb:643:in `route_eval'
 /Users/makevoid/.rvm/gems/ruby-1.9.2-rc2/gems/sinatra-1.1.2/lib/sinatra/base.rb:627:in `block (2 levels) in route!'
 /Users/makevoid/.rvm/gems/ruby-1.9.2-rc2/gems/sinatra-1.1.2/lib/sinatra/base.rb:675:in `block in process_route'
 /Users/makevoid/.rvm/gems/ruby-1.9.2-rc2/gems/sinatra-1.1.2/lib/sinatra/base.rb:672:in `catch'
 /Users/makevoid/.rvm/gems/ruby-1.9.2-rc2/gems/sinatra-1.1.2/lib/sinatra/base.rb:672:in `process_route'
 /Users/makevoid/.rvm/gems/ruby-1.9.2-rc2/gems/sinatra-1.1.2/lib/sinatra/base.rb:626:in `block in route!'
 /Users/makevoid/.rvm/gems/ruby-1.9.2-rc2/gems/sinatra-1.1.2/lib/sinatra/base.rb:625:in `each'
 /Users/makevoid/.rvm/gems/ruby-1.9.2-rc2/gems/sinatra-1.1.2/lib/sinatra/base.rb:625:in `route!'
 /Users/makevoid/.rvm/gems/ruby-1.9.2-rc2/gems/sinatra-1.1.2/lib/sinatra/base.rb:760:in `dispatch!'
 /Users/makevoid/.rvm/gems/ruby-1.9.2-rc2/gems/sinatra-1.1.2/lib/sinatra/base.rb:553:in `block in call!'
 /Users/makevoid/.rvm/gems/ruby-1.9.2-rc2/gems/sinatra-1.1.2/lib/sinatra/base.rb:725:in `instance_eval'
 /Users/makevoid/.rvm/gems/ruby-1.9.2-rc2/gems/sinatra-1.1.2/lib/sinatra/base.rb:725:in `block in invoke'
 /Users/makevoid/.rvm/gems/ruby-1.9.2-rc2/gems/sinatra-1.1.2/lib/sinatra/base.rb:725:in `catch'
 /Users/makevoid/.rvm/gems/ruby-1.9.2-rc2/gems/sinatra-1.1.2/lib/sinatra/base.rb:725:in `invoke'
 /Users/makevoid/.rvm/gems/ruby-1.9.2-rc2/gems/sinatra-1.1.2/lib/sinatra/base.rb:553:in `call!'
 /Users/makevoid/.rvm/gems/ruby-1.9.2-rc2/gems/sinatra-1.1.2/lib/sinatra/base.rb:538:in `call'
 /Users/makevoid/.rvm/gems/ruby-1.9.2-rc2/gems/rack-1.2.1/lib/rack/methodoverride.rb:24:in `call'
 /Users/makevoid/.rvm/gems/ruby-1.9.2-rc2/gems/rack-1.2.1/lib/rack/static.rb:33:in `call'
 /Users/makevoid/.rvm/gems/ruby-1.9.2-rc2/gems/rack-flash-0.1.1/lib/rack/flash.rb:148:in `call'
 /Users/makevoid/.rvm/gems/ruby-1.9.2-rc2/gems/rack-1.2.1/lib/rack/session/cookie.rb:37:in `call'
 /Users/makevoid/.rvm/gems/ruby-1.9.2-rc2/gems/sinatra-1.1.2/lib/sinatra/base.rb:1167:in `block in call'
 /Users/makevoid/.rvm/gems/ruby-1.9.2-rc2/gems/sinatra-1.1.2/lib/sinatra/base.rb:1193:in `synchronize'
 /Users/makevoid/.rvm/gems/ruby-1.9.2-rc2/gems/sinatra-1.1.2/lib/sinatra/base.rb:1167:in `call'
 /Users/makevoid/.rvm/gems/ruby-1.9.2-rc2/gems/rack-1.2.1/lib/rack/static.rb:33:in `call'
 /Users/makevoid/.rvm/gems/ruby-1.9.2-rc2/gems/thin-1.2.7/lib/thin/connection.rb:76:in `block in pre_process'
 /Users/makevoid/.rvm/gems/ruby-1.9.2-rc2/gems/thin-1.2.7/lib/thin/connection.rb:74:in `catch'
 /Users/makevoid/.rvm/gems/ruby-1.9.2-rc2/gems/thin-1.2.7/lib/thin/connection.rb:74:in `pre_process'
 /Users/makevoid/.rvm/gems/ruby-1.9.2-rc2/gems/thin-1.2.7/lib/thin/connection.rb:57:in `process'
 /Users/makevoid/.rvm/gems/ruby-1.9.2-rc2/gems/thin-1.2.7/lib/thin/connection.rb:42:in `receive_data'
 /Users/makevoid/.rvm/gems/ruby-1.9.2-rc2/gems/eventmachine-0.12.10/lib/eventmachine.rb:256:in `run_machine'
 /Users/makevoid/.rvm/gems/ruby-1.9.2-rc2/gems/eventmachine-0.12.10/lib/eventmachine.rb:256:in `run'
 /Users/makevoid/.rvm/gems/ruby-1.9.2-rc2/gems/thin-1.2.7/lib/thin/backends/base.rb:57:in `start'
 /Users/makevoid/.rvm/gems/ruby-1.9.2-rc2/gems/thin-1.2.7/lib/thin/server.rb:156:in `start'
 /Users/makevoid/.rvm/gems/ruby-1.9.2-rc2/gems/thin-1.2.7/lib/thin/controllers/controller.rb:80:in `start'
 /Users/makevoid/.rvm/gems/ruby-1.9.2-rc2/gems/thin-1.2.7/lib/thin/runner.rb:177:in `run_command'
 /Users/makevoid/.rvm/gems/ruby-1.9.2-rc2/gems/thin-1.2.7/lib/thin/runner.rb:143:in `run!'
 /Users/makevoid/.rvm/gems/ruby-1.9.2-rc2/gems/thin-1.2.7/bin/thin:6:in `<top (required)>'
 /Users/makevoid/.rvm/gems/ruby-1.9.2-rc2/bin/thin:19:in `load'
 /Users/makevoid/.rvm/gems/ruby-1.9.2-rc2/bin/thin:19:in `<main>'
Errno::ENOENT - No such file or directory - /Users/makevoid/Sites/share39/lib/public/css/main.css:
 /Users/makevoid/Sites/share39/lib/share39_server.rb:88:in `mtime'
 /Users/makevoid/Sites/share39/lib/share39_server.rb:88:in `block in <class:Share39>'
 /Users/makevoid/.rvm/gems/ruby-1.9.2-rc2/gems/sinatra-1.1.2/lib/sinatra/base.rb:1058:in `call'
 /Users/makevoid/.rvm/gems/ruby-1.9.2-rc2/gems/sinatra-1.1.2/lib/sinatra/base.rb:1058:in `block in compile!'
 /Users/makevoid/.rvm/gems/ruby-1.9.2-rc2/gems/sinatra-1.1.2/lib/sinatra/base.rb:643:in `instance_eval'
 /Users/makevoid/.rvm/gems/ruby-1.9.2-rc2/gems/sinatra-1.1.2/lib/sinatra/base.rb:643:in `route_eval'
 /Users/makevoid/.rvm/gems/ruby-1.9.2-rc2/gems/sinatra-1.1.2/lib/sinatra/base.rb:627:in `block (2 levels) in route!'
 /Users/makevoid/.rvm/gems/ruby-1.9.2-rc2/gems/sinatra-1.1.2/lib/sinatra/base.rb:675:in `block in process_route'
 /Users/makevoid/.rvm/gems/ruby-1.9.2-rc2/gems/sinatra-1.1.2/lib/sinatra/base.rb:672:in `catch'
 /Users/makevoid/.rvm/gems/ruby-1.9.2-rc2/gems/sinatra-1.1.2/lib/sinatra/base.rb:672:in `process_route'
 /Users/makevoid/.rvm/gems/ruby-1.9.2-rc2/gems/sinatra-1.1.2/lib/sinatra/base.rb:626:in `block in route!'
 /Users/makevoid/.rvm/gems/ruby-1.9.2-rc2/gems/sinatra-1.1.2/lib/sinatra/base.rb:625:in `each'
 /Users/makevoid/.rvm/gems/ruby-1.9.2-rc2/gems/sinatra-1.1.2/lib/sinatra/base.rb:625:in `route!'
 /Users/makevoid/.rvm/gems/ruby-1.9.2-rc2/gems/sinatra-1.1.2/lib/sinatra/base.rb:760:in `dispatch!'
 /Users/makevoid/.rvm/gems/ruby-1.9.2-rc2/gems/sinatra-1.1.2/lib/sinatra/base.rb:553:in `block in call!'
 /Users/makevoid/.rvm/gems/ruby-1.9.2-rc2/gems/sinatra-1.1.2/lib/sinatra/base.rb:725:in `instance_eval'
 /Users/makevoid/.rvm/gems/ruby-1.9.2-rc2/gems/sinatra-1.1.2/lib/sinatra/base.rb:725:in `block in invoke'
 /Users/makevoid/.rvm/gems/ruby-1.9.2-rc2/gems/sinatra-1.1.2/lib/sinatra/base.rb:725:in `catch'
 /Users/makevoid/.rvm/gems/ruby-1.9.2-rc2/gems/sinatra-1.1.2/lib/sinatra/base.rb:725:in `invoke'
 /Users/makevoid/.rvm/gems/ruby-1.9.2-rc2/gems/sinatra-1.1.2/lib/sinatra/base.rb:553:in `call!'
 /Users/makevoid/.rvm/gems/ruby-1.9.2-rc2/gems/sinatra-1.1.2/lib/sinatra/base.rb:538:in `call'
 /Users/makevoid/.rvm/gems/ruby-1.9.2-rc2/gems/rack-1.2.1/lib/rack/methodoverride.rb:24:in `call'
 /Users/makevoid/.rvm/gems/ruby-1.9.2-rc2/gems/rack-1.2.1/lib/rack/static.rb:33:in `call'
 /Users/makevoid/.rvm/gems/ruby-1.9.2-rc2/gems/rack-flash-0.1.1/lib/rack/flash.rb:148:in `call'
 /Users/makevoid/.rvm/gems/ruby-1.9.2-rc2/gems/rack-1.2.1/lib/rack/session/cookie.rb:37:in `call'
 /Users/makevoid/.rvm/gems/ruby-1.9.2-rc2/gems/sinatra-1.1.2/lib/sinatra/base.rb:1167:in `block in call'
 /Users/makevoid/.rvm/gems/ruby-1.9.2-rc2/gems/sinatra-1.1.2/lib/sinatra/base.rb:1193:in `synchronize'
 /Users/makevoid/.rvm/gems/ruby-1.9.2-rc2/gems/sinatra-1.1.2/lib/sinatra/base.rb:1167:in `call'
 /Users/makevoid/.rvm/gems/ruby-1.9.2-rc2/gems/rack-1.2.1/lib/rack/static.rb:33:in `call'
 /Users/makevoid/.rvm/gems/ruby-1.9.2-rc2/gems/thin-1.2.7/lib/thin/connection.rb:76:in `block in pre_process'
 /Users/makevoid/.rvm/gems/ruby-1.9.2-rc2/gems/thin-1.2.7/lib/thin/connection.rb:74:in `catch'
 /Users/makevoid/.rvm/gems/ruby-1.9.2-rc2/gems/thin-1.2.7/lib/thin/connection.rb:74:in `pre_process'
 /Users/makevoid/.rvm/gems/ruby-1.9.2-rc2/gems/thin-1.2.7/lib/thin/connection.rb:57:in `process'
 /Users/makevoid/.rvm/gems/ruby-1.9.2-rc2/gems/thin-1.2.7/lib/thin/connection.rb:42:in `receive_data'
 /Users/makevoid/.rvm/gems/ruby-1.9.2-rc2/gems/eventmachine-0.12.10/lib/eventmachine.rb:256:in `run_machine'
 /Users/makevoid/.rvm/gems/ruby-1.9.2-rc2/gems/eventmachine-0.12.10/lib/eventmachine.rb:256:in `run'
 /Users/makevoid/.rvm/gems/ruby-1.9.2-rc2/gems/thin-1.2.7/lib/thin/backends/base.rb:57:in `start'
 /Users/makevoid/.rvm/gems/ruby-1.9.2-rc2/gems/thin-1.2.7/lib/thin/server.rb:156:in `start'
 /Users/makevoid/.rvm/gems/ruby-1.9.2-rc2/gems/thin-1.2.7/lib/thin/controllers/controller.rb:80:in `start'
 /Users/makevoid/.rvm/gems/ruby-1.9.2-rc2/gems/thin-1.2.7/lib/thin/runner.rb:177:in `run_command'
 /Users/makevoid/.rvm/gems/ruby-1.9.2-rc2/gems/thin-1.2.7/lib/thin/runner.rb:143:in `run!'
 /Users/makevoid/.rvm/gems/ruby-1.9.2-rc2/gems/thin-1.2.7/bin/thin:6:in `<top (required)>'
 /Users/makevoid/.rvm/gems/ruby-1.9.2-rc2/bin/thin:19:in `load'
 /Users/makevoid/.rvm/gems/ruby-1.9.2-rc2/bin/thin:19:in `<main>'
Errno::ENOENT - No such file or directory - /Users/makevoid/Sites/share39/lib/public/css/main.css:
 /Users/makevoid/Sites/share39/lib/share39_server.rb:88:in `mtime'
 /Users/makevoid/Sites/share39/lib/share39_server.rb:88:in `block in <class:Share39>'
 /Users/makevoid/.rvm/gems/ruby-1.9.2-rc2/gems/sinatra-1.1.2/lib/sinatra/base.rb:1058:in `call'
 /Users/makevoid/.rvm/gems/ruby-1.9.2-rc2/gems/sinatra-1.1.2/lib/sinatra/base.rb:1058:in `block in compile!'
 /Users/makevoid/.rvm/gems/ruby-1.9.2-rc2/gems/sinatra-1.1.2/lib/sinatra/base.rb:643:in `instance_eval'
 /Users/makevoid/.rvm/gems/ruby-1.9.2-rc2/gems/sinatra-1.1.2/lib/sinatra/base.rb:643:in `route_eval'
 /Users/makevoid/.rvm/gems/ruby-1.9.2-rc2/gems/sinatra-1.1.2/lib/sinatra/base.rb:627:in `block (2 levels) in route!'
 /Users/makevoid/.rvm/gems/ruby-1.9.2-rc2/gems/sinatra-1.1.2/lib/sinatra/base.rb:675:in `block in process_route'
 /Users/makevoid/.rvm/gems/ruby-1.9.2-rc2/gems/sinatra-1.1.2/lib/sinatra/base.rb:672:in `catch'
 /Users/makevoid/.rvm/gems/ruby-1.9.2-rc2/gems/sinatra-1.1.2/lib/sinatra/base.rb:672:in `process_route'
 /Users/makevoid/.rvm/gems/ruby-1.9.2-rc2/gems/sinatra-1.1.2/lib/sinatra/base.rb:626:in `block in route!'
 /Users/makevoid/.rvm/gems/ruby-1.9.2-rc2/gems/sinatra-1.1.2/lib/sinatra/base.rb:625:in `each'
 /Users/makevoid/.rvm/gems/ruby-1.9.2-rc2/gems/sinatra-1.1.2/lib/sinatra/base.rb:625:in `route!'
 /Users/makevoid/.rvm/gems/ruby-1.9.2-rc2/gems/sinatra-1.1.2/lib/sinatra/base.rb:760:in `dispatch!'
 /Users/makevoid/.rvm/gems/ruby-1.9.2-rc2/gems/sinatra-1.1.2/lib/sinatra/base.rb:553:in `block in call!'
 /Users/makevoid/.rvm/gems/ruby-1.9.2-rc2/gems/sinatra-1.1.2/lib/sinatra/base.rb:725:in `instance_eval'
 /Users/makevoid/.rvm/gems/ruby-1.9.2-rc2/gems/sinatra-1.1.2/lib/sinatra/base.rb:725:in `block in invoke'
 /Users/makevoid/.rvm/gems/ruby-1.9.2-rc2/gems/sinatra-1.1.2/lib/sinatra/base.rb:725:in `catch'
 /Users/makevoid/.rvm/gems/ruby-1.9.2-rc2/gems/sinatra-1.1.2/lib/sinatra/base.rb:725:in `invoke'
 /Users/makevoid/.rvm/gems/ruby-1.9.2-rc2/gems/sinatra-1.1.2/lib/sinatra/base.rb:553:in `call!'
 /Users/makevoid/.rvm/gems/ruby-1.9.2-rc2/gems/sinatra-1.1.2/lib/sinatra/base.rb:538:in `call'
 /Users/makevoid/.rvm/gems/ruby-1.9.2-rc2/gems/rack-1.2.1/lib/rack/methodoverride.rb:24:in `call'
 /Users/makevoid/.rvm/gems/ruby-1.9.2-rc2/gems/rack-1.2.1/lib/rack/static.rb:33:in `call'
 /Users/makevoid/.rvm/gems/ruby-1.9.2-rc2/gems/rack-flash-0.1.1/lib/rack/flash.rb:148:in `call'
 /Users/makevoid/.rvm/gems/ruby-1.9.2-rc2/gems/rack-1.2.1/lib/rack/session/cookie.rb:37:in `call'
 /Users/makevoid/.rvm/gems/ruby-1.9.2-rc2/gems/sinatra-1.1.2/lib/sinatra/base.rb:1167:in `block in call'
 /Users/makevoid/.rvm/gems/ruby-1.9.2-rc2/gems/sinatra-1.1.2/lib/sinatra/base.rb:1193:in `synchronize'
 /Users/makevoid/.rvm/gems/ruby-1.9.2-rc2/gems/sinatra-1.1.2/lib/sinatra/base.rb:1167:in `call'
 /Users/makevoid/.rvm/gems/ruby-1.9.2-rc2/gems/rack-1.2.1/lib/rack/static.rb:33:in `call'
 /Users/makevoid/.rvm/gems/ruby-1.9.2-rc2/gems/thin-1.2.7/lib/thin/connection.rb:76:in `block in pre_process'
 /Users/makevoid/.rvm/gems/ruby-1.9.2-rc2/gems/thin-1.2.7/lib/thin/connection.rb:74:in `catch'
 /Users/makevoid/.rvm/gems/ruby-1.9.2-rc2/gems/thin-1.2.7/lib/thin/connection.rb:74:in `pre_process'
 /Users/makevoid/.rvm/gems/ruby-1.9.2-rc2/gems/thin-1.2.7/lib/thin/connection.rb:57:in `process'
 /Users/makevoid/.rvm/gems/ruby-1.9.2-rc2/gems/thin-1.2.7/lib/thin/connection.rb:42:in `receive_data'
 /Users/makevoid/.rvm/gems/ruby-1.9.2-rc2/gems/eventmachine-0.12.10/lib/eventmachine.rb:256:in `run_machine'
 /Users/makevoid/.rvm/gems/ruby-1.9.2-rc2/gems/eventmachine-0.12.10/lib/eventmachine.rb:256:in `run'
 /Users/makevoid/.rvm/gems/ruby-1.9.2-rc2/gems/thin-1.2.7/lib/thin/backends/base.rb:57:in `start'
 /Users/makevoid/.rvm/gems/ruby-1.9.2-rc2/gems/thin-1.2.7/lib/thin/server.rb:156:in `start'
 /Users/makevoid/.rvm/gems/ruby-1.9.2-rc2/gems/thin-1.2.7/lib/thin/controllers/controller.rb:80:in `start'
 /Users/makevoid/.rvm/gems/ruby-1.9.2-rc2/gems/thin-1.2.7/lib/thin/runner.rb:177:in `run_command'
 /Users/makevoid/.rvm/gems/ruby-1.9.2-rc2/gems/thin-1.2.7/lib/thin/runner.rb:143:in `run!'
 /Users/makevoid/.rvm/gems/ruby-1.9.2-rc2/gems/thin-1.2.7/bin/thin:6:in `<top (required)>'
 /Users/makevoid/.rvm/gems/ruby-1.9.2-rc2/bin/thin:19:in `load'
 /Users/makevoid/.rvm/gems/ruby-1.9.2-rc2/bin/thin:19:in `<main>'
Errno::ENOENT - No such file or directory - /Users/makevoid/Sites/share39/lib/public/css/main.css:
 /Users/makevoid/Sites/share39/lib/share39_server.rb:88:in `mtime'
 /Users/makevoid/Sites/share39/lib/share39_server.rb:88:in `block in <class:Share39>'
 /Users/makevoid/.rvm/gems/ruby-1.9.2-rc2/gems/sinatra-1.1.2/lib/sinatra/base.rb:1058:in `call'
 /Users/makevoid/.rvm/gems/ruby-1.9.2-rc2/gems/sinatra-1.1.2/lib/sinatra/base.rb:1058:in `block in compile!'
 /Users/makevoid/.rvm/gems/ruby-1.9.2-rc2/gems/sinatra-1.1.2/lib/sinatra/base.rb:643:in `instance_eval'
 /Users/makevoid/.rvm/gems/ruby-1.9.2-rc2/gems/sinatra-1.1.2/lib/sinatra/base.rb:643:in `route_eval'
 /Users/makevoid/.rvm/gems/ruby-1.9.2-rc2/gems/sinatra-1.1.2/lib/sinatra/base.rb:627:in `block (2 levels) in route!'
 /Users/makevoid/.rvm/gems/ruby-1.9.2-rc2/gems/sinatra-1.1.2/lib/sinatra/base.rb:675:in `block in process_route'
 /Users/makevoid/.rvm/gems/ruby-1.9.2-rc2/gems/sinatra-1.1.2/lib/sinatra/base.rb:672:in `catch'
 /Users/makevoid/.rvm/gems/ruby-1.9.2-rc2/gems/sinatra-1.1.2/lib/sinatra/base.rb:672:in `process_route'
 /Users/makevoid/.rvm/gems/ruby-1.9.2-rc2/gems/sinatra-1.1.2/lib/sinatra/base.rb:626:in `block in route!'
 /Users/makevoid/.rvm/gems/ruby-1.9.2-rc2/gems/sinatra-1.1.2/lib/sinatra/base.rb:625:in `each'
 /Users/makevoid/.rvm/gems/ruby-1.9.2-rc2/gems/sinatra-1.1.2/lib/sinatra/base.rb:625:in `route!'
 /Users/makevoid/.rvm/gems/ruby-1.9.2-rc2/gems/sinatra-1.1.2/lib/sinatra/base.rb:760:in `dispatch!'
 /Users/makevoid/.rvm/gems/ruby-1.9.2-rc2/gems/sinatra-1.1.2/lib/sinatra/base.rb:553:in `block in call!'
 /Users/makevoid/.rvm/gems/ruby-1.9.2-rc2/gems/sinatra-1.1.2/lib/sinatra/base.rb:725:in `instance_eval'
 /Users/makevoid/.rvm/gems/ruby-1.9.2-rc2/gems/sinatra-1.1.2/lib/sinatra/base.rb:725:in `block in invoke'
 /Users/makevoid/.rvm/gems/ruby-1.9.2-rc2/gems/sinatra-1.1.2/lib/sinatra/base.rb:725:in `catch'
 /Users/makevoid/.rvm/gems/ruby-1.9.2-rc2/gems/sinatra-1.1.2/lib/sinatra/base.rb:725:in `invoke'
 /Users/makevoid/.rvm/gems/ruby-1.9.2-rc2/gems/sinatra-1.1.2/lib/sinatra/base.rb:553:in `call!'
 /Users/makevoid/.rvm/gems/ruby-1.9.2-rc2/gems/sinatra-1.1.2/lib/sinatra/base.rb:538:in `call'
 /Users/makevoid/.rvm/gems/ruby-1.9.2-rc2/gems/rack-1.2.1/lib/rack/methodoverride.rb:24:in `call'
 /Users/makevoid/.rvm/gems/ruby-1.9.2-rc2/gems/rack-1.2.1/lib/rack/static.rb:33:in `call'
 /Users/makevoid/.rvm/gems/ruby-1.9.2-rc2/gems/rack-flash-0.1.1/lib/rack/flash.rb:148:in `call'
 /Users/makevoid/.rvm/gems/ruby-1.9.2-rc2/gems/rack-1.2.1/lib/rack/session/cookie.rb:37:in `call'
 /Users/makevoid/.rvm/gems/ruby-1.9.2-rc2/gems/sinatra-1.1.2/lib/sinatra/base.rb:1167:in `block in call'
 /Users/makevoid/.rvm/gems/ruby-1.9.2-rc2/gems/sinatra-1.1.2/lib/sinatra/base.rb:1193:in `synchronize'
 /Users/makevoid/.rvm/gems/ruby-1.9.2-rc2/gems/sinatra-1.1.2/lib/sinatra/base.rb:1167:in `call'
 /Users/makevoid/.rvm/gems/ruby-1.9.2-rc2/gems/rack-1.2.1/lib/rack/static.rb:33:in `call'
 /Users/makevoid/.rvm/gems/ruby-1.9.2-rc2/gems/thin-1.2.7/lib/thin/connection.rb:76:in `block in pre_process'
 /Users/makevoid/.rvm/gems/ruby-1.9.2-rc2/gems/thin-1.2.7/lib/thin/connection.rb:74:in `catch'
 /Users/makevoid/.rvm/gems/ruby-1.9.2-rc2/gems/thin-1.2.7/lib/thin/connection.rb:74:in `pre_process'
 /Users/makevoid/.rvm/gems/ruby-1.9.2-rc2/gems/thin-1.2.7/lib/thin/connection.rb:57:in `process'
 /Users/makevoid/.rvm/gems/ruby-1.9.2-rc2/gems/thin-1.2.7/lib/thin/connection.rb:42:in `receive_data'
 /Users/makevoid/.rvm/gems/ruby-1.9.2-rc2/gems/eventmachine-0.12.10/lib/eventmachine.rb:256:in `run_machine'
 /Users/makevoid/.rvm/gems/ruby-1.9.2-rc2/gems/eventmachine-0.12.10/lib/eventmachine.rb:256:in `run'
 /Users/makevoid/.rvm/gems/ruby-1.9.2-rc2/gems/thin-1.2.7/lib/thin/backends/base.rb:57:in `start'
 /Users/makevoid/.rvm/gems/ruby-1.9.2-rc2/gems/thin-1.2.7/lib/thin/server.rb:156:in `start'
 /Users/makevoid/.rvm/gems/ruby-1.9.2-rc2/gems/thin-1.2.7/lib/thin/controllers/controller.rb:80:in `start'
 /Users/makevoid/.rvm/gems/ruby-1.9.2-rc2/gems/thin-1.2.7/lib/thin/runner.rb:177:in `run_command'
 /Users/makevoid/.rvm/gems/ruby-1.9.2-rc2/gems/thin-1.2.7/lib/thin/runner.rb:143:in `run!'
 /Users/makevoid/.rvm/gems/ruby-1.9.2-rc2/gems/thin-1.2.7/bin/thin:6:in `<top (required)>'
 /Users/makevoid/.rvm/gems/ruby-1.9.2-rc2/bin/thin:19:in `load'
 /Users/makevoid/.rvm/gems/ruby-1.9.2-rc2/bin/thin:19:in `<main>'
Errno::ENOENT - No such file or directory - /Users/makevoid/Sites/share39/lib/public/css/main.css:
 /Users/makevoid/Sites/share39/lib/share39_server.rb:88:in `mtime'
 /Users/makevoid/Sites/share39/lib/share39_server.rb:88:in `block in <class:Share39>'
 /Users/makevoid/.rvm/gems/ruby-1.9.2-rc2/gems/sinatra-1.1.2/lib/sinatra/base.rb:1058:in `call'
 /Users/makevoid/.rvm/gems/ruby-1.9.2-rc2/gems/sinatra-1.1.2/lib/sinatra/base.rb:1058:in `block in compile!'
 /Users/makevoid/.rvm/gems/ruby-1.9.2-rc2/gems/sinatra-1.1.2/lib/sinatra/base.rb:643:in `instance_eval'
 /Users/makevoid/.rvm/gems/ruby-1.9.2-rc2/gems/sinatra-1.1.2/lib/sinatra/base.rb:643:in `route_eval'
 /Users/makevoid/.rvm/gems/ruby-1.9.2-rc2/gems/sinatra-1.1.2/lib/sinatra/base.rb:627:in `block (2 levels) in route!'
 /Users/makevoid/.rvm/gems/ruby-1.9.2-rc2/gems/sinatra-1.1.2/lib/sinatra/base.rb:675:in `block in process_route'
 /Users/makevoid/.rvm/gems/ruby-1.9.2-rc2/gems/sinatra-1.1.2/lib/sinatra/base.rb:672:in `catch'
 /Users/makevoid/.rvm/gems/ruby-1.9.2-rc2/gems/sinatra-1.1.2/lib/sinatra/base.rb:672:in `process_route'
 /Users/makevoid/.rvm/gems/ruby-1.9.2-rc2/gems/sinatra-1.1.2/lib/sinatra/base.rb:626:in `block in route!'
 /Users/makevoid/.rvm/gems/ruby-1.9.2-rc2/gems/sinatra-1.1.2/lib/sinatra/base.rb:625:in `each'
 /Users/makevoid/.rvm/gems/ruby-1.9.2-rc2/gems/sinatra-1.1.2/lib/sinatra/base.rb:625:in `route!'
 /Users/makevoid/.rvm/gems/ruby-1.9.2-rc2/gems/sinatra-1.1.2/lib/sinatra/base.rb:760:in `dispatch!'
 /Users/makevoid/.rvm/gems/ruby-1.9.2-rc2/gems/sinatra-1.1.2/lib/sinatra/base.rb:553:in `block in call!'
 /Users/makevoid/.rvm/gems/ruby-1.9.2-rc2/gems/sinatra-1.1.2/lib/sinatra/base.rb:725:in `instance_eval'
 /Users/makevoid/.rvm/gems/ruby-1.9.2-rc2/gems/sinatra-1.1.2/lib/sinatra/base.rb:725:in `block in invoke'
 /Users/makevoid/.rvm/gems/ruby-1.9.2-rc2/gems/sinatra-1.1.2/lib/sinatra/base.rb:725:in `catch'
 /Users/makevoid/.rvm/gems/ruby-1.9.2-rc2/gems/sinatra-1.1.2/lib/sinatra/base.rb:725:in `invoke'
 /Users/makevoid/.rvm/gems/ruby-1.9.2-rc2/gems/sinatra-1.1.2/lib/sinatra/base.rb:553:in `call!'
 /Users/makevoid/.rvm/gems/ruby-1.9.2-rc2/gems/sinatra-1.1.2/lib/sinatra/base.rb:538:in `call'
 /Users/makevoid/.rvm/gems/ruby-1.9.2-rc2/gems/rack-1.2.1/lib/rack/methodoverride.rb:24:in `call'
 /Users/makevoid/.rvm/gems/ruby-1.9.2-rc2/gems/rack-1.2.1/lib/rack/static.rb:33:in `call'
 /Users/makevoid/.rvm/gems/ruby-1.9.2-rc2/gems/rack-flash-0.1.1/lib/rack/flash.rb:148:in `call'
 /Users/makevoid/.rvm/gems/ruby-1.9.2-rc2/gems/rack-1.2.1/lib/rack/session/cookie.rb:37:in `call'
 /Users/makevoid/.rvm/gems/ruby-1.9.2-rc2/gems/sinatra-1.1.2/lib/sinatra/base.rb:1167:in `block in call'
 /Users/makevoid/.rvm/gems/ruby-1.9.2-rc2/gems/sinatra-1.1.2/lib/sinatra/base.rb:1193:in `synchronize'
 /Users/makevoid/.rvm/gems/ruby-1.9.2-rc2/gems/sinatra-1.1.2/lib/sinatra/base.rb:1167:in `call'
 /Users/makevoid/.rvm/gems/ruby-1.9.2-rc2/gems/rack-1.2.1/lib/rack/static.rb:33:in `call'
 /Users/makevoid/.rvm/gems/ruby-1.9.2-rc2/gems/thin-1.2.7/lib/thin/connection.rb:76:in `block in pre_process'
 /Users/makevoid/.rvm/gems/ruby-1.9.2-rc2/gems/thin-1.2.7/lib/thin/connection.rb:74:in `catch'
 /Users/makevoid/.rvm/gems/ruby-1.9.2-rc2/gems/thin-1.2.7/lib/thin/connection.rb:74:in `pre_process'
 /Users/makevoid/.rvm/gems/ruby-1.9.2-rc2/gems/thin-1.2.7/lib/thin/connection.rb:57:in `process'
 /Users/makevoid/.rvm/gems/ruby-1.9.2-rc2/gems/thin-1.2.7/lib/thin/connection.rb:42:in `receive_data'
 /Users/makevoid/.rvm/gems/ruby-1.9.2-rc2/gems/eventmachine-0.12.10/lib/eventmachine.rb:256:in `run_machine'
 /Users/makevoid/.rvm/gems/ruby-1.9.2-rc2/gems/eventmachine-0.12.10/lib/eventmachine.rb:256:in `run'
 /Users/makevoid/.rvm/gems/ruby-1.9.2-rc2/gems/thin-1.2.7/lib/thin/backends/base.rb:57:in `start'
 /Users/makevoid/.rvm/gems/ruby-1.9.2-rc2/gems/thin-1.2.7/lib/thin/server.rb:156:in `start'
 /Users/makevoid/.rvm/gems/ruby-1.9.2-rc2/gems/thin-1.2.7/lib/thin/controllers/controller.rb:80:in `start'
 /Users/makevoid/.rvm/gems/ruby-1.9.2-rc2/gems/thin-1.2.7/lib/thin/runner.rb:177:in `run_command'
 /Users/makevoid/.rvm/gems/ruby-1.9.2-rc2/gems/thin-1.2.7/lib/thin/runner.rb:143:in `run!'
 /Users/makevoid/.rvm/gems/ruby-1.9.2-rc2/gems/thin-1.2.7/bin/thin:6:in `<top (required)>'
 /Users/makevoid/.rvm/gems/ruby-1.9.2-rc2/bin/thin:19:in `load'
 /Users/makevoid/.rvm/gems/ruby-1.9.2-rc2/bin/thin:19:in `<main>'
Errno::ENOENT - No such file or directory - /Users/makevoid/Sites/share39/lib/public/css/main.css:
 /Users/makevoid/Sites/share39/lib/share39_server.rb:88:in `mtime'
 /Users/makevoid/Sites/share39/lib/share39_server.rb:88:in `block in <class:Share39>'
 /Users/makevoid/.rvm/gems/ruby-1.9.2-rc2/gems/sinatra-1.1.2/lib/sinatra/base.rb:1058:in `call'
 /Users/makevoid/.rvm/gems/ruby-1.9.2-rc2/gems/sinatra-1.1.2/lib/sinatra/base.rb:1058:in `block in compile!'
 /Users/makevoid/.rvm/gems/ruby-1.9.2-rc2/gems/sinatra-1.1.2/lib/sinatra/base.rb:643:in `instance_eval'
 /Users/makevoid/.rvm/gems/ruby-1.9.2-rc2/gems/sinatra-1.1.2/lib/sinatra/base.rb:643:in `route_eval'
 /Users/makevoid/.rvm/gems/ruby-1.9.2-rc2/gems/sinatra-1.1.2/lib/sinatra/base.rb:627:in `block (2 levels) in route!'
 /Users/makevoid/.rvm/gems/ruby-1.9.2-rc2/gems/sinatra-1.1.2/lib/sinatra/base.rb:675:in `block in process_route'
 /Users/makevoid/.rvm/gems/ruby-1.9.2-rc2/gems/sinatra-1.1.2/lib/sinatra/base.rb:672:in `catch'
 /Users/makevoid/.rvm/gems/ruby-1.9.2-rc2/gems/sinatra-1.1.2/lib/sinatra/base.rb:672:in `process_route'
 /Users/makevoid/.rvm/gems/ruby-1.9.2-rc2/gems/sinatra-1.1.2/lib/sinatra/base.rb:626:in `block in route!'
 /Users/makevoid/.rvm/gems/ruby-1.9.2-rc2/gems/sinatra-1.1.2/lib/sinatra/base.rb:625:in `each'
 /Users/makevoid/.rvm/gems/ruby-1.9.2-rc2/gems/sinatra-1.1.2/lib/sinatra/base.rb:625:in `route!'
 /Users/makevoid/.rvm/gems/ruby-1.9.2-rc2/gems/sinatra-1.1.2/lib/sinatra/base.rb:760:in `dispatch!'
 /Users/makevoid/.rvm/gems/ruby-1.9.2-rc2/gems/sinatra-1.1.2/lib/sinatra/base.rb:553:in `block in call!'
 /Users/makevoid/.rvm/gems/ruby-1.9.2-rc2/gems/sinatra-1.1.2/lib/sinatra/base.rb:725:in `instance_eval'
 /Users/makevoid/.rvm/gems/ruby-1.9.2-rc2/gems/sinatra-1.1.2/lib/sinatra/base.rb:725:in `block in invoke'
 /Users/makevoid/.rvm/gems/ruby-1.9.2-rc2/gems/sinatra-1.1.2/lib/sinatra/base.rb:725:in `catch'
 /Users/makevoid/.rvm/gems/ruby-1.9.2-rc2/gems/sinatra-1.1.2/lib/sinatra/base.rb:725:in `invoke'
 /Users/makevoid/.rvm/gems/ruby-1.9.2-rc2/gems/sinatra-1.1.2/lib/sinatra/base.rb:553:in `call!'
 /Users/makevoid/.rvm/gems/ruby-1.9.2-rc2/gems/sinatra-1.1.2/lib/sinatra/base.rb:538:in `call'
 /Users/makevoid/.rvm/gems/ruby-1.9.2-rc2/gems/rack-1.2.1/lib/rack/methodoverride.rb:24:in `call'
 /Users/makevoid/.rvm/gems/ruby-1.9.2-rc2/gems/rack-1.2.1/lib/rack/static.rb:33:in `call'
 /Users/makevoid/.rvm/gems/ruby-1.9.2-rc2/gems/rack-flash-0.1.1/lib/rack/flash.rb:148:in `call'
 /Users/makevoid/.rvm/gems/ruby-1.9.2-rc2/gems/rack-1.2.1/lib/rack/session/cookie.rb:37:in `call'
 /Users/makevoid/.rvm/gems/ruby-1.9.2-rc2/gems/sinatra-1.1.2/lib/sinatra/base.rb:1167:in `block in call'
 /Users/makevoid/.rvm/gems/ruby-1.9.2-rc2/gems/sinatra-1.1.2/lib/sinatra/base.rb:1193:in `synchronize'
 /Users/makevoid/.rvm/gems/ruby-1.9.2-rc2/gems/sinatra-1.1.2/lib/sinatra/base.rb:1167:in `call'
 /Users/makevoid/.rvm/gems/ruby-1.9.2-rc2/gems/rack-1.2.1/lib/rack/static.rb:33:in `call'
 /Users/makevoid/.rvm/gems/ruby-1.9.2-rc2/gems/thin-1.2.7/lib/thin/connection.rb:76:in `block in pre_process'
 /Users/makevoid/.rvm/gems/ruby-1.9.2-rc2/gems/thin-1.2.7/lib/thin/connection.rb:74:in `catch'
 /Users/makevoid/.rvm/gems/ruby-1.9.2-rc2/gems/thin-1.2.7/lib/thin/connection.rb:74:in `pre_process'
 /Users/makevoid/.rvm/gems/ruby-1.9.2-rc2/gems/thin-1.2.7/lib/thin/connection.rb:57:in `process'
 /Users/makevoid/.rvm/gems/ruby-1.9.2-rc2/gems/thin-1.2.7/lib/thin/connection.rb:42:in `receive_data'
 /Users/makevoid/.rvm/gems/ruby-1.9.2-rc2/gems/eventmachine-0.12.10/lib/eventmachine.rb:256:in `run_machine'
 /Users/makevoid/.rvm/gems/ruby-1.9.2-rc2/gems/eventmachine-0.12.10/lib/eventmachine.rb:256:in `run'
 /Users/makevoid/.rvm/gems/ruby-1.9.2-rc2/gems/thin-1.2.7/lib/thin/backends/base.rb:57:in `start'
 /Users/makevoid/.rvm/gems/ruby-1.9.2-rc2/gems/thin-1.2.7/lib/thin/server.rb:156:in `start'
 /Users/makevoid/.rvm/gems/ruby-1.9.2-rc2/gems/thin-1.2.7/lib/thin/controllers/controller.rb:80:in `start'
 /Users/makevoid/.rvm/gems/ruby-1.9.2-rc2/gems/thin-1.2.7/lib/thin/runner.rb:177:in `run_command'
 /Users/makevoid/.rvm/gems/ruby-1.9.2-rc2/gems/thin-1.2.7/lib/thin/runner.rb:143:in `run!'
 /Users/makevoid/.rvm/gems/ruby-1.9.2-rc2/gems/thin-1.2.7/bin/thin:6:in `<top (required)>'
 /Users/makevoid/.rvm/gems/ruby-1.9.2-rc2/bin/thin:19:in `load'
 /Users/makevoid/.rvm/gems/ruby-1.9.2-rc2/bin/thin:19:in `<main>'
Errno::ENOENT - No such file or directory - /Users/makevoid/Sites/share39/lib/public/css/main.css:
 /Users/makevoid/Sites/share39/lib/share39_server.rb:88:in `mtime'
 /Users/makevoid/Sites/share39/lib/share39_server.rb:88:in `block in <class:Share39>'
 /Users/makevoid/.rvm/gems/ruby-1.9.2-rc2/gems/sinatra-1.1.2/lib/sinatra/base.rb:1058:in `call'
 /Users/makevoid/.rvm/gems/ruby-1.9.2-rc2/gems/sinatra-1.1.2/lib/sinatra/base.rb:1058:in `block in compile!'
 /Users/makevoid/.rvm/gems/ruby-1.9.2-rc2/gems/sinatra-1.1.2/lib/sinatra/base.rb:643:in `instance_eval'
 /Users/makevoid/.rvm/gems/ruby-1.9.2-rc2/gems/sinatra-1.1.2/lib/sinatra/base.rb:643:in `route_eval'
 /Users/makevoid/.rvm/gems/ruby-1.9.2-rc2/gems/sinatra-1.1.2/lib/sinatra/base.rb:627:in `block (2 levels) in route!'
 /Users/makevoid/.rvm/gems/ruby-1.9.2-rc2/gems/sinatra-1.1.2/lib/sinatra/base.rb:675:in `block in process_route'
 /Users/makevoid/.rvm/gems/ruby-1.9.2-rc2/gems/sinatra-1.1.2/lib/sinatra/base.rb:672:in `catch'
 /Users/makevoid/.rvm/gems/ruby-1.9.2-rc2/gems/sinatra-1.1.2/lib/sinatra/base.rb:672:in `process_route'
 /Users/makevoid/.rvm/gems/ruby-1.9.2-rc2/gems/sinatra-1.1.2/lib/sinatra/base.rb:626:in `block in route!'
 /Users/makevoid/.rvm/gems/ruby-1.9.2-rc2/gems/sinatra-1.1.2/lib/sinatra/base.rb:625:in `each'
 /Users/makevoid/.rvm/gems/ruby-1.9.2-rc2/gems/sinatra-1.1.2/lib/sinatra/base.rb:625:in `route!'
 /Users/makevoid/.rvm/gems/ruby-1.9.2-rc2/gems/sinatra-1.1.2/lib/sinatra/base.rb:760:in `dispatch!'
 /Users/makevoid/.rvm/gems/ruby-1.9.2-rc2/gems/sinatra-1.1.2/lib/sinatra/base.rb:553:in `block in call!'
 /Users/makevoid/.rvm/gems/ruby-1.9.2-rc2/gems/sinatra-1.1.2/lib/sinatra/base.rb:725:in `instance_eval'
 /Users/makevoid/.rvm/gems/ruby-1.9.2-rc2/gems/sinatra-1.1.2/lib/sinatra/base.rb:725:in `block in invoke'
 /Users/makevoid/.rvm/gems/ruby-1.9.2-rc2/gems/sinatra-1.1.2/lib/sinatra/base.rb:725:in `catch'
 /Users/makevoid/.rvm/gems/ruby-1.9.2-rc2/gems/sinatra-1.1.2/lib/sinatra/base.rb:725:in `invoke'
 /Users/makevoid/.rvm/gems/ruby-1.9.2-rc2/gems/sinatra-1.1.2/lib/sinatra/base.rb:553:in `call!'
 /Users/makevoid/.rvm/gems/ruby-1.9.2-rc2/gems/sinatra-1.1.2/lib/sinatra/base.rb:538:in `call'
 /Users/makevoid/.rvm/gems/ruby-1.9.2-rc2/gems/rack-1.2.1/lib/rack/methodoverride.rb:24:in `call'
 /Users/makevoid/.rvm/gems/ruby-1.9.2-rc2/gems/rack-1.2.1/lib/rack/static.rb:33:in `call'
 /Users/makevoid/.rvm/gems/ruby-1.9.2-rc2/gems/rack-flash-0.1.1/lib/rack/flash.rb:148:in `call'
 /Users/makevoid/.rvm/gems/ruby-1.9.2-rc2/gems/rack-1.2.1/lib/rack/session/cookie.rb:37:in `call'
 /Users/makevoid/.rvm/gems/ruby-1.9.2-rc2/gems/sinatra-1.1.2/lib/sinatra/base.rb:1167:in `block in call'
 /Users/makevoid/.rvm/gems/ruby-1.9.2-rc2/gems/sinatra-1.1.2/lib/sinatra/base.rb:1193:in `synchronize'
 /Users/makevoid/.rvm/gems/ruby-1.9.2-rc2/gems/sinatra-1.1.2/lib/sinatra/base.rb:1167:in `call'
 /Users/makevoid/.rvm/gems/ruby-1.9.2-rc2/gems/rack-1.2.1/lib/rack/static.rb:33:in `call'
 /Users/makevoid/.rvm/gems/ruby-1.9.2-rc2/gems/thin-1.2.7/lib/thin/connection.rb:76:in `block in pre_process'
 /Users/makevoid/.rvm/gems/ruby-1.9.2-rc2/gems/thin-1.2.7/lib/thin/connection.rb:74:in `catch'
 /Users/makevoid/.rvm/gems/ruby-1.9.2-rc2/gems/thin-1.2.7/lib/thin/connection.rb:74:in `pre_process'
 /Users/makevoid/.rvm/gems/ruby-1.9.2-rc2/gems/thin-1.2.7/lib/thin/connection.rb:57:in `process'
 /Users/makevoid/.rvm/gems/ruby-1.9.2-rc2/gems/thin-1.2.7/lib/thin/connection.rb:42:in `receive_data'
 /Users/makevoid/.rvm/gems/ruby-1.9.2-rc2/gems/eventmachine-0.12.10/lib/eventmachine.rb:256:in `run_machine'
 /Users/makevoid/.rvm/gems/ruby-1.9.2-rc2/gems/eventmachine-0.12.10/lib/eventmachine.rb:256:in `run'
 /Users/makevoid/.rvm/gems/ruby-1.9.2-rc2/gems/thin-1.2.7/lib/thin/backends/base.rb:57:in `start'
 /Users/makevoid/.rvm/gems/ruby-1.9.2-rc2/gems/thin-1.2.7/lib/thin/server.rb:156:in `start'
 /Users/makevoid/.rvm/gems/ruby-1.9.2-rc2/gems/thin-1.2.7/lib/thin/controllers/controller.rb:80:in `start'
 /Users/makevoid/.rvm/gems/ruby-1.9.2-rc2/gems/thin-1.2.7/lib/thin/runner.rb:177:in `run_command'
 /Users/makevoid/.rvm/gems/ruby-1.9.2-rc2/gems/thin-1.2.7/lib/thin/runner.rb:143:in `run!'
 /Users/makevoid/.rvm/gems/ruby-1.9.2-rc2/gems/thin-1.2.7/bin/thin:6:in `<top (required)>'
 /Users/makevoid/.rvm/gems/ruby-1.9.2-rc2/bin/thin:19:in `load'
 /Users/makevoid/.rvm/gems/ruby-1.9.2-rc2/bin/thin:19:in `<main>'
Errno::ENOENT - No such file or directory - /Users/makevoid/Sites/share39/lib/public/css/main.css:
 /Users/makevoid/Sites/share39/lib/share39_server.rb:88:in `mtime'
 /Users/makevoid/Sites/share39/lib/share39_server.rb:88:in `block in <class:Share39>'
 /Users/makevoid/.rvm/gems/ruby-1.9.2-rc2/gems/sinatra-1.1.2/lib/sinatra/base.rb:1058:in `call'
 /Users/makevoid/.rvm/gems/ruby-1.9.2-rc2/gems/sinatra-1.1.2/lib/sinatra/base.rb:1058:in `block in compile!'
 /Users/makevoid/.rvm/gems/ruby-1.9.2-rc2/gems/sinatra-1.1.2/lib/sinatra/base.rb:643:in `instance_eval'
 /Users/makevoid/.rvm/gems/ruby-1.9.2-rc2/gems/sinatra-1.1.2/lib/sinatra/base.rb:643:in `route_eval'
 /Users/makevoid/.rvm/gems/ruby-1.9.2-rc2/gems/sinatra-1.1.2/lib/sinatra/base.rb:627:in `block (2 levels) in route!'
 /Users/makevoid/.rvm/gems/ruby-1.9.2-rc2/gems/sinatra-1.1.2/lib/sinatra/base.rb:675:in `block in process_route'
 /Users/makevoid/.rvm/gems/ruby-1.9.2-rc2/gems/sinatra-1.1.2/lib/sinatra/base.rb:672:in `catch'
 /Users/makevoid/.rvm/gems/ruby-1.9.2-rc2/gems/sinatra-1.1.2/lib/sinatra/base.rb:672:in `process_route'
 /Users/makevoid/.rvm/gems/ruby-1.9.2-rc2/gems/sinatra-1.1.2/lib/sinatra/base.rb:626:in `block in route!'
 /Users/makevoid/.rvm/gems/ruby-1.9.2-rc2/gems/sinatra-1.1.2/lib/sinatra/base.rb:625:in `each'
 /Users/makevoid/.rvm/gems/ruby-1.9.2-rc2/gems/sinatra-1.1.2/lib/sinatra/base.rb:625:in `route!'
 /Users/makevoid/.rvm/gems/ruby-1.9.2-rc2/gems/sinatra-1.1.2/lib/sinatra/base.rb:760:in `dispatch!'
 /Users/makevoid/.rvm/gems/ruby-1.9.2-rc2/gems/sinatra-1.1.2/lib/sinatra/base.rb:553:in `block in call!'
 /Users/makevoid/.rvm/gems/ruby-1.9.2-rc2/gems/sinatra-1.1.2/lib/sinatra/base.rb:725:in `instance_eval'
 /Users/makevoid/.rvm/gems/ruby-1.9.2-rc2/gems/sinatra-1.1.2/lib/sinatra/base.rb:725:in `block in invoke'
 /Users/makevoid/.rvm/gems/ruby-1.9.2-rc2/gems/sinatra-1.1.2/lib/sinatra/base.rb:725:in `catch'
 /Users/makevoid/.rvm/gems/ruby-1.9.2-rc2/gems/sinatra-1.1.2/lib/sinatra/base.rb:725:in `invoke'
 /Users/makevoid/.rvm/gems/ruby-1.9.2-rc2/gems/sinatra-1.1.2/lib/sinatra/base.rb:553:in `call!'
 /Users/makevoid/.rvm/gems/ruby-1.9.2-rc2/gems/sinatra-1.1.2/lib/sinatra/base.rb:538:in `call'
 /Users/makevoid/.rvm/gems/ruby-1.9.2-rc2/gems/rack-1.2.1/lib/rack/methodoverride.rb:24:in `call'
 /Users/makevoid/.rvm/gems/ruby-1.9.2-rc2/gems/rack-1.2.1/lib/rack/static.rb:33:in `call'
 /Users/makevoid/.rvm/gems/ruby-1.9.2-rc2/gems/rack-flash-0.1.1/lib/rack/flash.rb:148:in `call'
 /Users/makevoid/.rvm/gems/ruby-1.9.2-rc2/gems/rack-1.2.1/lib/rack/session/cookie.rb:37:in `call'
 /Users/makevoid/.rvm/gems/ruby-1.9.2-rc2/gems/sinatra-1.1.2/lib/sinatra/base.rb:1167:in `block in call'
 /Users/makevoid/.rvm/gems/ruby-1.9.2-rc2/gems/sinatra-1.1.2/lib/sinatra/base.rb:1193:in `synchronize'
 /Users/makevoid/.rvm/gems/ruby-1.9.2-rc2/gems/sinatra-1.1.2/lib/sinatra/base.rb:1167:in `call'
 /Users/makevoid/.rvm/gems/ruby-1.9.2-rc2/gems/rack-1.2.1/lib/rack/static.rb:33:in `call'
 /Users/makevoid/.rvm/gems/ruby-1.9.2-rc2/gems/thin-1.2.7/lib/thin/connection.rb:76:in `block in pre_process'
 /Users/makevoid/.rvm/gems/ruby-1.9.2-rc2/gems/thin-1.2.7/lib/thin/connection.rb:74:in `catch'
 /Users/makevoid/.rvm/gems/ruby-1.9.2-rc2/gems/thin-1.2.7/lib/thin/connection.rb:74:in `pre_process'
 /Users/makevoid/.rvm/gems/ruby-1.9.2-rc2/gems/thin-1.2.7/lib/thin/connection.rb:57:in `process'
 /Users/makevoid/.rvm/gems/ruby-1.9.2-rc2/gems/thin-1.2.7/lib/thin/connection.rb:42:in `receive_data'
 /Users/makevoid/.rvm/gems/ruby-1.9.2-rc2/gems/eventmachine-0.12.10/lib/eventmachine.rb:256:in `run_machine'
 /Users/makevoid/.rvm/gems/ruby-1.9.2-rc2/gems/eventmachine-0.12.10/lib/eventmachine.rb:256:in `run'
 /Users/makevoid/.rvm/gems/ruby-1.9.2-rc2/gems/thin-1.2.7/lib/thin/backends/base.rb:57:in `start'
 /Users/makevoid/.rvm/gems/ruby-1.9.2-rc2/gems/thin-1.2.7/lib/thin/server.rb:156:in `start'
 /Users/makevoid/.rvm/gems/ruby-1.9.2-rc2/gems/thin-1.2.7/lib/thin/controllers/controller.rb:80:in `start'
 /Users/makevoid/.rvm/gems/ruby-1.9.2-rc2/gems/thin-1.2.7/lib/thin/runner.rb:177:in `run_command'
 /Users/makevoid/.rvm/gems/ruby-1.9.2-rc2/gems/thin-1.2.7/lib/thin/runner.rb:143:in `run!'
 /Users/makevoid/.rvm/gems/ruby-1.9.2-rc2/gems/thin-1.2.7/bin/thin:6:in `<top (required)>'
 /Users/makevoid/.rvm/gems/ruby-1.9.2-rc2/bin/thin:19:in `load'
 /Users/makevoid/.rvm/gems/ruby-1.9.2-rc2/bin/thin:19:in `<main>'
Errno::ENOENT - No such file or directory - /Users/makevoid/Sites/share39/lib/public/css/main.css:
 /Users/makevoid/Sites/share39/lib/share39_server.rb:88:in `mtime'
 /Users/makevoid/Sites/share39/lib/share39_server.rb:88:in `block in <class:Share39>'
 /Users/makevoid/.rvm/gems/ruby-1.9.2-rc2/gems/sinatra-1.1.2/lib/sinatra/base.rb:1058:in `call'
 /Users/makevoid/.rvm/gems/ruby-1.9.2-rc2/gems/sinatra-1.1.2/lib/sinatra/base.rb:1058:in `block in compile!'
 /Users/makevoid/.rvm/gems/ruby-1.9.2-rc2/gems/sinatra-1.1.2/lib/sinatra/base.rb:643:in `instance_eval'
 /Users/makevoid/.rvm/gems/ruby-1.9.2-rc2/gems/sinatra-1.1.2/lib/sinatra/base.rb:643:in `route_eval'
 /Users/makevoid/.rvm/gems/ruby-1.9.2-rc2/gems/sinatra-1.1.2/lib/sinatra/base.rb:627:in `block (2 levels) in route!'
 /Users/makevoid/.rvm/gems/ruby-1.9.2-rc2/gems/sinatra-1.1.2/lib/sinatra/base.rb:675:in `block in process_route'
 /Users/makevoid/.rvm/gems/ruby-1.9.2-rc2/gems/sinatra-1.1.2/lib/sinatra/base.rb:672:in `catch'
 /Users/makevoid/.rvm/gems/ruby-1.9.2-rc2/gems/sinatra-1.1.2/lib/sinatra/base.rb:672:in `process_route'
 /Users/makevoid/.rvm/gems/ruby-1.9.2-rc2/gems/sinatra-1.1.2/lib/sinatra/base.rb:626:in `block in route!'
 /Users/makevoid/.rvm/gems/ruby-1.9.2-rc2/gems/sinatra-1.1.2/lib/sinatra/base.rb:625:in `each'
 /Users/makevoid/.rvm/gems/ruby-1.9.2-rc2/gems/sinatra-1.1.2/lib/sinatra/base.rb:625:in `route!'
 /Users/makevoid/.rvm/gems/ruby-1.9.2-rc2/gems/sinatra-1.1.2/lib/sinatra/base.rb:760:in `dispatch!'
 /Users/makevoid/.rvm/gems/ruby-1.9.2-rc2/gems/sinatra-1.1.2/lib/sinatra/base.rb:553:in `block in call!'
 /Users/makevoid/.rvm/gems/ruby-1.9.2-rc2/gems/sinatra-1.1.2/lib/sinatra/base.rb:725:in `instance_eval'
 /Users/makevoid/.rvm/gems/ruby-1.9.2-rc2/gems/sinatra-1.1.2/lib/sinatra/base.rb:725:in `block in invoke'
 /Users/makevoid/.rvm/gems/ruby-1.9.2-rc2/gems/sinatra-1.1.2/lib/sinatra/base.rb:725:in `catch'
 /Users/makevoid/.rvm/gems/ruby-1.9.2-rc2/gems/sinatra-1.1.2/lib/sinatra/base.rb:725:in `invoke'
 /Users/makevoid/.rvm/gems/ruby-1.9.2-rc2/gems/sinatra-1.1.2/lib/sinatra/base.rb:553:in `call!'
 /Users/makevoid/.rvm/gems/ruby-1.9.2-rc2/gems/sinatra-1.1.2/lib/sinatra/base.rb:538:in `call'
 /Users/makevoid/.rvm/gems/ruby-1.9.2-rc2/gems/rack-1.2.1/lib/rack/methodoverride.rb:24:in `call'
 /Users/makevoid/.rvm/gems/ruby-1.9.2-rc2/gems/rack-1.2.1/lib/rack/static.rb:33:in `call'
 /Users/makevoid/.rvm/gems/ruby-1.9.2-rc2/gems/rack-flash-0.1.1/lib/rack/flash.rb:148:in `call'
 /Users/makevoid/.rvm/gems/ruby-1.9.2-rc2/gems/rack-1.2.1/lib/rack/session/cookie.rb:37:in `call'
 /Users/makevoid/.rvm/gems/ruby-1.9.2-rc2/gems/sinatra-1.1.2/lib/sinatra/base.rb:1167:in `block in call'
 /Users/makevoid/.rvm/gems/ruby-1.9.2-rc2/gems/sinatra-1.1.2/lib/sinatra/base.rb:1193:in `synchronize'
 /Users/makevoid/.rvm/gems/ruby-1.9.2-rc2/gems/sinatra-1.1.2/lib/sinatra/base.rb:1167:in `call'
 /Users/makevoid/.rvm/gems/ruby-1.9.2-rc2/gems/rack-1.2.1/lib/rack/static.rb:33:in `call'
 /Users/makevoid/.rvm/gems/ruby-1.9.2-rc2/gems/thin-1.2.7/lib/thin/connection.rb:76:in `block in pre_process'
 /Users/makevoid/.rvm/gems/ruby-1.9.2-rc2/gems/thin-1.2.7/lib/thin/connection.rb:74:in `catch'
 /Users/makevoid/.rvm/gems/ruby-1.9.2-rc2/gems/thin-1.2.7/lib/thin/connection.rb:74:in `pre_process'
 /Users/makevoid/.rvm/gems/ruby-1.9.2-rc2/gems/thin-1.2.7/lib/thin/connection.rb:57:in `process'
 /Users/makevoid/.rvm/gems/ruby-1.9.2-rc2/gems/thin-1.2.7/lib/thin/connection.rb:42:in `receive_data'
 /Users/makevoid/.rvm/gems/ruby-1.9.2-rc2/gems/eventmachine-0.12.10/lib/eventmachine.rb:256:in `run_machine'
 /Users/makevoid/.rvm/gems/ruby-1.9.2-rc2/gems/eventmachine-0.12.10/lib/eventmachine.rb:256:in `run'
 /Users/makevoid/.rvm/gems/ruby-1.9.2-rc2/gems/thin-1.2.7/lib/thin/backends/base.rb:57:in `start'
 /Users/makevoid/.rvm/gems/ruby-1.9.2-rc2/gems/thin-1.2.7/lib/thin/server.rb:156:in `start'
 /Users/makevoid/.rvm/gems/ruby-1.9.2-rc2/gems/thin-1.2.7/lib/thin/controllers/controller.rb:80:in `start'
 /Users/makevoid/.rvm/gems/ruby-1.9.2-rc2/gems/thin-1.2.7/lib/thin/runner.rb:177:in `run_command'
 /Users/makevoid/.rvm/gems/ruby-1.9.2-rc2/gems/thin-1.2.7/lib/thin/runner.rb:143:in `run!'
 /Users/makevoid/.rvm/gems/ruby-1.9.2-rc2/gems/thin-1.2.7/bin/thin:6:in `<top (required)>'
 /Users/makevoid/.rvm/gems/ruby-1.9.2-rc2/bin/thin:19:in `load'
 /Users/makevoid/.rvm/gems/ruby-1.9.2-rc2/bin/thin:19:in `<main>'
Errno::ENOENT - No such file or directory - /Users/makevoid/Sites/share39/lib/public/css/main.css:
 /Users/makevoid/Sites/share39/lib/share39_server.rb:88:in `mtime'
 /Users/makevoid/Sites/share39/lib/share39_server.rb:88:in `block in <class:Share39>'
 /Users/makevoid/.rvm/gems/ruby-1.9.2-rc2/gems/sinatra-1.1.2/lib/sinatra/base.rb:1058:in `call'
 /Users/makevoid/.rvm/gems/ruby-1.9.2-rc2/gems/sinatra-1.1.2/lib/sinatra/base.rb:1058:in `block in compile!'
 /Users/makevoid/.rvm/gems/ruby-1.9.2-rc2/gems/sinatra-1.1.2/lib/sinatra/base.rb:643:in `instance_eval'
 /Users/makevoid/.rvm/gems/ruby-1.9.2-rc2/gems/sinatra-1.1.2/lib/sinatra/base.rb:643:in `route_eval'
 /Users/makevoid/.rvm/gems/ruby-1.9.2-rc2/gems/sinatra-1.1.2/lib/sinatra/base.rb:627:in `block (2 levels) in route!'
 /Users/makevoid/.rvm/gems/ruby-1.9.2-rc2/gems/sinatra-1.1.2/lib/sinatra/base.rb:675:in `block in process_route'
 /Users/makevoid/.rvm/gems/ruby-1.9.2-rc2/gems/sinatra-1.1.2/lib/sinatra/base.rb:672:in `catch'
 /Users/makevoid/.rvm/gems/ruby-1.9.2-rc2/gems/sinatra-1.1.2/lib/sinatra/base.rb:672:in `process_route'
 /Users/makevoid/.rvm/gems/ruby-1.9.2-rc2/gems/sinatra-1.1.2/lib/sinatra/base.rb:626:in `block in route!'
 /Users/makevoid/.rvm/gems/ruby-1.9.2-rc2/gems/sinatra-1.1.2/lib/sinatra/base.rb:625:in `each'
 /Users/makevoid/.rvm/gems/ruby-1.9.2-rc2/gems/sinatra-1.1.2/lib/sinatra/base.rb:625:in `route!'
 /Users/makevoid/.rvm/gems/ruby-1.9.2-rc2/gems/sinatra-1.1.2/lib/sinatra/base.rb:760:in `dispatch!'
 /Users/makevoid/.rvm/gems/ruby-1.9.2-rc2/gems/sinatra-1.1.2/lib/sinatra/base.rb:553:in `block in call!'
 /Users/makevoid/.rvm/gems/ruby-1.9.2-rc2/gems/sinatra-1.1.2/lib/sinatra/base.rb:725:in `instance_eval'
 /Users/makevoid/.rvm/gems/ruby-1.9.2-rc2/gems/sinatra-1.1.2/lib/sinatra/base.rb:725:in `block in invoke'
 /Users/makevoid/.rvm/gems/ruby-1.9.2-rc2/gems/sinatra-1.1.2/lib/sinatra/base.rb:725:in `catch'
 /Users/makevoid/.rvm/gems/ruby-1.9.2-rc2/gems/sinatra-1.1.2/lib/sinatra/base.rb:725:in `invoke'
 /Users/makevoid/.rvm/gems/ruby-1.9.2-rc2/gems/sinatra-1.1.2/lib/sinatra/base.rb:553:in `call!'
 /Users/makevoid/.rvm/gems/ruby-1.9.2-rc2/gems/sinatra-1.1.2/lib/sinatra/base.rb:538:in `call'
 /Users/makevoid/.rvm/gems/ruby-1.9.2-rc2/gems/rack-1.2.1/lib/rack/methodoverride.rb:24:in `call'
 /Users/makevoid/.rvm/gems/ruby-1.9.2-rc2/gems/rack-1.2.1/lib/rack/static.rb:33:in `call'
 /Users/makevoid/.rvm/gems/ruby-1.9.2-rc2/gems/rack-flash-0.1.1/lib/rack/flash.rb:148:in `call'
 /Users/makevoid/.rvm/gems/ruby-1.9.2-rc2/gems/rack-1.2.1/lib/rack/session/cookie.rb:37:in `call'
 /Users/makevoid/.rvm/gems/ruby-1.9.2-rc2/gems/sinatra-1.1.2/lib/sinatra/base.rb:1167:in `block in call'
 /Users/makevoid/.rvm/gems/ruby-1.9.2-rc2/gems/sinatra-1.1.2/lib/sinatra/base.rb:1193:in `synchronize'
 /Users/makevoid/.rvm/gems/ruby-1.9.2-rc2/gems/sinatra-1.1.2/lib/sinatra/base.rb:1167:in `call'
 /Users/makevoid/.rvm/gems/ruby-1.9.2-rc2/gems/rack-1.2.1/lib/rack/static.rb:33:in `call'
 /Users/makevoid/.rvm/gems/ruby-1.9.2-rc2/gems/thin-1.2.7/lib/thin/connection.rb:76:in `block in pre_process'
 /Users/makevoid/.rvm/gems/ruby-1.9.2-rc2/gems/thin-1.2.7/lib/thin/connection.rb:74:in `catch'
 /Users/makevoid/.rvm/gems/ruby-1.9.2-rc2/gems/thin-1.2.7/lib/thin/connection.rb:74:in `pre_process'
 /Users/makevoid/.rvm/gems/ruby-1.9.2-rc2/gems/thin-1.2.7/lib/thin/connection.rb:57:in `process'
 /Users/makevoid/.rvm/gems/ruby-1.9.2-rc2/gems/thin-1.2.7/lib/thin/connection.rb:42:in `receive_data'
 /Users/makevoid/.rvm/gems/ruby-1.9.2-rc2/gems/eventmachine-0.12.10/lib/eventmachine.rb:256:in `run_machine'
 /Users/makevoid/.rvm/gems/ruby-1.9.2-rc2/gems/eventmachine-0.12.10/lib/eventmachine.rb:256:in `run'
 /Users/makevoid/.rvm/gems/ruby-1.9.2-rc2/gems/thin-1.2.7/lib/thin/backends/base.rb:57:in `start'
 /Users/makevoid/.rvm/gems/ruby-1.9.2-rc2/gems/thin-1.2.7/lib/thin/server.rb:156:in `start'
 /Users/makevoid/.rvm/gems/ruby-1.9.2-rc2/gems/thin-1.2.7/lib/thin/controllers/controller.rb:80:in `start'
 /Users/makevoid/.rvm/gems/ruby-1.9.2-rc2/gems/thin-1.2.7/lib/thin/runner.rb:177:in `run_command'
 /Users/makevoid/.rvm/gems/ruby-1.9.2-rc2/gems/thin-1.2.7/lib/thin/runner.rb:143:in `run!'
 /Users/makevoid/.rvm/gems/ruby-1.9.2-rc2/gems/thin-1.2.7/bin/thin:6:in `<top (required)>'
 /Users/makevoid/.rvm/gems/ruby-1.9.2-rc2/bin/thin:19:in `load'
 /Users/makevoid/.rvm/gems/ruby-1.9.2-rc2/bin/thin:19:in `<main>'
>> Writing PID to /Users/makevoid/Sites/share39/lib/tmp/thin.pid
>> Thin web server (v1.2.7 codename No Hup)
>> Maximum connections set to 1024
>> Listening on 0.0.0.0:3939, CTRL+C to stop
